2012/09/17 18:05:50 [error] [exception.CHttpException.404] exception 'CHttpException' with message 'The system is unable to find the requested action "gii".' in C:\wamp\www\yii\framework\web\CController.php:484
Stack trace:
#0 C:\wamp\www\yii\framework\web\CController.php(271): CController->missingAction('gii')
#1 C:\wamp\www\yii\framework\web\CWebApplication.php(283): CController->run('gii')
#2 C:\wamp\www\yii\framework\web\CWebApplication.php(142): CWebApplication->runController('site/gii')
#3 C:\wamp\www\yii\framework\base\CApplication.php(162): CWebApplication->processRequest()
#4 C:\wamp\www\enet_web\index.php(13): CApplication->run()
#5 {main}
REQUEST_URI=/enet_web/index.php/site/gii
---
2012/09/17 18:06:19 [error] [exception.CHttpException.404] exception 'CHttpException' with message 'The system is unable to find the requested action "gii".' in C:\wamp\www\yii\framework\web\CController.php:484
Stack trace:
#0 C:\wamp\www\yii\framework\web\CController.php(271): CController->missingAction('gii')
#1 C:\wamp\www\yii\framework\web\CWebApplication.php(283): CController->run('gii')
#2 C:\wamp\www\yii\framework\web\CWebApplication.php(142): CWebApplication->runController('site/gii')
#3 C:\wamp\www\yii\framework\base\CApplication.php(162): CWebApplication->processRequest()
#4 C:\wamp\www\enet_web\index.php(13): CApplication->run()
#5 {main}
REQUEST_URI=/enet_web/index.php/site/gii/
---
2012/09/17 20:21:35 [error] [system.db.CDbCommand] CDbCommand::execute() failed: SQLSTATE[23000]: Integrity constraint violation: 1452 Cannot add or update a child row: a foreign key constraint fails (`enet_db`.`enet_classe`, CONSTRAINT `enet_classe_ibfk_1` FOREIGN KEY (`etablissementid`) REFERENCES `enet_etablissement` (`id`) ON DELETE NO ACTION ON UPDATE NO ACTION). The SQL statement executed was: INSERT INTO `enet_classe` (`nom_classe`, `etablissementId`, `bool_groupe`) VALUES (:yp0, :yp1, :yp2).
in C:\wamp\www\enet_web\protected\controllers\ClasseController.php (73)
in C:\wamp\www\enet_web\index.php (13)
2012/09/17 20:21:35 [error] [exception.CDbException] exception 'CDbException' with message 'CDbCommand failed to execute the SQL statement: SQLSTATE[23000]: Integrity constraint violation: 1452 Cannot add or update a child row: a foreign key constraint fails (`enet_db`.`enet_classe`, CONSTRAINT `enet_classe_ibfk_1` FOREIGN KEY (`etablissementid`) REFERENCES `enet_etablissement` (`id`) ON DELETE NO ACTION ON UPDATE NO ACTION). The SQL statement executed was: INSERT INTO `enet_classe` (`nom_classe`, `etablissementId`, `bool_groupe`) VALUES (:yp0, :yp1, :yp2)' in C:\wamp\www\yii\framework\db\CDbCommand.php:354
Stack trace:
#0 C:\wamp\www\yii\framework\db\ar\CActiveRecord.php(1017): CDbCommand->execute()
#1 C:\wamp\www\yii\framework\db\ar\CActiveRecord.php(796): CActiveRecord->insert(NULL)
#2 C:\wamp\www\enet_web\protected\controllers\ClasseController.php(73): CActiveRecord->save()
#3 C:\wamp\www\yii\framework\web\actions\CInlineAction.php(50): ClasseController->actionCreate()
#4 C:\wamp\www\yii\framework\web\CController.php(309): CInlineAction->runWithParams(Array)
#5 C:\wamp\www\yii\framework\web\filters\CFilterChain.php(134): CController->runAction(Object(CInlineAction))
#6 C:\wamp\www\yii\framework\web\filters\CFilter.php(41): CFilterChain->run()
#7 C:\wamp\www\yii\framework\web\CController.php(1146): CFilter->filter(Object(CFilterChain))
#8 C:\wamp\www\yii\framework\web\filters\CInlineFilter.php(59): CController->filterAccessControl(Object(CFilterChain))
#9 C:\wamp\www\yii\framework\web\filters\CFilterChain.php(131): CInlineFilter->filter(Object(CFilterChain))
#10 C:\wamp\www\yii\framework\web\CController.php(292): CFilterChain->run()
#11 C:\wamp\www\yii\framework\web\CController.php(266): CController->runActionWithFilters(Object(CInlineAction), Array)
#12 C:\wamp\www\yii\framework\web\CWebApplication.php(283): CController->run('create')
#13 C:\wamp\www\yii\framework\web\CWebApplication.php(142): CWebApplication->runController('classe/create')
#14 C:\wamp\www\yii\framework\base\CApplication.php(162): CWebApplication->processRequest()
#15 C:\wamp\www\enet_web\index.php(13): CApplication->run()
#16 {main}
REQUEST_URI=/enet_web/index.php/classe/create
HTTP_REFERER=http://127.0.0.1/enet_web/index.php/classe/create
---
2012/09/18 13:19:32 [error] [exception.CException] exception 'CException' with message 'Property "Classe.nom_etablissement" is not defined.' in C:\wamp\www\yii\framework\base\CComponent.php:131
Stack trace:
#0 C:\wamp\www\yii\framework\db\ar\CActiveRecord.php(144): CComponent->__get('nom_etablisseme...')
#1 C:\wamp\www\enet_web\protected\views\classe\_view.php(17): CActiveRecord->__get('nom_etablisseme...')
#2 C:\wamp\www\yii\framework\web\CBaseController.php(131): require('C:\wamp\www\ene...')
#3 C:\wamp\www\yii\framework\web\CBaseController.php(96): CBaseController->renderInternal('C:\wamp\www\ene...', Array, false)
#4 C:\wamp\www\yii\framework\zii\widgets\CListView.php(260): CBaseController->renderFile('C:\wamp\www\ene...', Array)
#5 C:\wamp\www\yii\framework\zii\widgets\CBaseListView.php(161): CListView->renderItems()
#6 [internal function]: CBaseListView->renderSection(Array)
#7 C:\wamp\www\yii\framework\zii\widgets\CBaseListView.php(144): preg_replace_callback('/{(\w+)}/', Array, '{summary}?{sort...')
#8 C:\wamp\www\yii\framework\zii\widgets\CBaseListView.php(129): CBaseListView->renderContent()
#9 C:\wamp\www\yii\framework\web\CBaseController.php(174): CBaseListView->run()
#10 C:\wamp\www\enet_web\protected\views\classe\index.php(20): CBaseController->widget('zii.widgets.CLi...', Array)
#11 C:\wamp\www\yii\framework\web\CBaseController.php(127): require('C:\wamp\www\ene...')
#12 C:\wamp\www\yii\framework\web\CBaseController.php(96): CBaseController->renderInternal('C:\wamp\www\ene...', Array, true)
#13 C:\wamp\www\yii\framework\web\CController.php(870): CBaseController->renderFile('C:\wamp\www\ene...', Array, true)
#14 C:\wamp\www\yii\framework\web\CController.php(783): CController->renderPartial('index', Array, true)
#15 C:\wamp\www\enet_web\protected\controllers\ClasseController.php(128): CController->render('index', Array)
#16 C:\wamp\www\yii\framework\web\actions\CInlineAction.php(50): ClasseController->actionIndex()
#17 C:\wamp\www\yii\framework\web\CController.php(309): CInlineAction->runWithParams(Array)
#18 C:\wamp\www\yii\framework\web\filters\CFilterChain.php(134): CController->runAction(Object(CInlineAction))
#19 C:\wamp\www\yii\framework\web\filters\CFilter.php(41): CFilterChain->run()
#20 C:\wamp\www\yii\framework\web\CController.php(1146): CFilter->filter(Object(CFilterChain))
#21 C:\wamp\www\yii\framework\web\filters\CInlineFilter.php(59): CController->filterAccessControl(Object(CFilterChain))
#22 C:\wamp\www\yii\framework\web\filters\CFilterChain.php(131): CInlineFilter->filter(Object(CFilterChain))
#23 C:\wamp\www\yii\framework\web\CController.php(292): CFilterChain->run()
#24 C:\wamp\www\yii\framework\web\CController.php(266): CController->runActionWithFilters(Object(CInlineAction), Array)
#25 C:\wamp\www\yii\framework\web\CWebApplication.php(283): CController->run('')
#26 C:\wamp\www\yii\framework\web\CWebApplication.php(142): CWebApplication->runController('classe')
#27 C:\wamp\www\yii\framework\base\CApplication.php(162): CWebApplication->processRequest()
#28 C:\wamp\www\enet_web\index.php(13): CApplication->run()
#29 {main}
REQUEST_URI=/enet_web/index.php/classe
---
2012/09/18 13:20:56 [error] [php] include(EnetEtablissement.php) [<a href='function.include'>function.include</a>]: failed to open stream: No such file or directory (C:\wamp\www\yii\framework\YiiBase.php:423)
Stack trace:
#0 C:\wamp\www\yii\framework\db\ar\CActiveRecord.php(387): spl_autoload_call()
#1 C:\wamp\www\yii\framework\db\ar\CActiveFinder.php(220): model()
#2 C:\wamp\www\yii\framework\db\ar\CActiveFinder.php(49): CActiveFinder->buildJoinTree()
#3 C:\wamp\www\yii\framework\db\ar\CActiveRecord.php(272): CActiveFinder->__construct()
#4 C:\wamp\www\yii\framework\db\ar\CActiveRecord.php(142): Classe->getRelated()
#5 C:\wamp\www\enet_web\protected\views\classe\_view.php(17): Classe->__get()
#6 C:\wamp\www\yii\framework\web\CBaseController.php(131): require()
#7 C:\wamp\www\yii\framework\web\CBaseController.php(96): ClasseController->renderInternal()
#8 C:\wamp\www\yii\framework\zii\widgets\CListView.php(260): ClasseController->renderFile()
#9 C:\wamp\www\yii\framework\zii\widgets\CBaseListView.php(161): CListView->renderItems()
#10 unknown(0): CListView->renderSection()
#11 C:\wamp\www\yii\framework\zii\widgets\CBaseListView.php(144): preg_replace_callback()
#12 C:\wamp\www\yii\framework\zii\widgets\CBaseListView.php(129): CListView->renderContent()
#13 C:\wamp\www\yii\framework\web\CBaseController.php(174): CListView->run()
#14 C:\wamp\www\enet_web\protected\views\classe\index.php(20): ClasseController->widget()
#15 C:\wamp\www\yii\framework\web\CBaseController.php(127): require()
#16 C:\wamp\www\yii\framework\web\CBaseController.php(96): ClasseController->renderInternal()
#17 C:\wamp\www\yii\framework\web\CController.php(870): ClasseController->renderFile()
#18 C:\wamp\www\yii\framework\web\CController.php(783): ClasseController->renderPartial()
#19 C:\wamp\www\enet_web\protected\controllers\ClasseController.php(128): ClasseController->render()
#20 C:\wamp\www\yii\framework\web\actions\CInlineAction.php(50): ClasseController->actionIndex()
#21 C:\wamp\www\yii\framework\web\CController.php(309): CInlineAction->runWithParams()
#22 C:\wamp\www\yii\framework\web\filters\CFilterChain.php(134): ClasseController->runAction()
#23 C:\wamp\www\yii\framework\web\filters\CFilter.php(41): CFilterChain->run()
#24 C:\wamp\www\yii\framework\web\CController.php(1146): CAccessControlFilter->filter()
#25 C:\wamp\www\yii\framework\web\filters\CInlineFilter.php(59): ClasseController->filterAccessControl()
#26 C:\wamp\www\yii\framework\web\filters\CFilterChain.php(131): CInlineFilter->filter()
#27 C:\wamp\www\yii\framework\web\CController.php(292): CFilterChain->run()
#28 C:\wamp\www\yii\framework\web\CController.php(266): ClasseController->runActionWithFilters()
#29 C:\wamp\www\yii\framework\web\CWebApplication.php(283): ClasseController->run()
#30 C:\wamp\www\yii\framework\web\CWebApplication.php(142): CWebApplication->runController()
#31 C:\wamp\www\yii\framework\base\CApplication.php(162): CWebApplication->processRequest()
#32 C:\wamp\www\enet_web\index.php(13): CWebApplication->run()
REQUEST_URI=/enet_web/index.php/classe
in C:\wamp\www\enet_web\protected\views\classe\_view.php (17)
in C:\wamp\www\enet_web\protected\views\classe\index.php (20)
in C:\wamp\www\enet_web\protected\controllers\ClasseController.php (128)
2012/09/18 13:21:49 [error] [php] include(EnetEtablissement.php) [<a href='function.include'>function.include</a>]: failed to open stream: No such file or directory (C:\wamp\www\yii\framework\YiiBase.php:423)
Stack trace:
#0 C:\wamp\www\yii\framework\db\ar\CActiveRecord.php(387): spl_autoload_call()
#1 C:\wamp\www\yii\framework\db\ar\CActiveFinder.php(220): model()
#2 C:\wamp\www\yii\framework\db\ar\CActiveFinder.php(49): CActiveFinder->buildJoinTree()
#3 C:\wamp\www\yii\framework\db\ar\CActiveRecord.php(272): CActiveFinder->__construct()
#4 C:\wamp\www\yii\framework\db\ar\CActiveRecord.php(142): Classe->getRelated()
#5 C:\wamp\www\enet_web\protected\views\classe\_view.php(17): Classe->__get()
#6 C:\wamp\www\yii\framework\web\CBaseController.php(131): require()
#7 C:\wamp\www\yii\framework\web\CBaseController.php(96): ClasseController->renderInternal()
#8 C:\wamp\www\yii\framework\zii\widgets\CListView.php(260): ClasseController->renderFile()
#9 C:\wamp\www\yii\framework\zii\widgets\CBaseListView.php(161): CListView->renderItems()
#10 unknown(0): CListView->renderSection()
#11 C:\wamp\www\yii\framework\zii\widgets\CBaseListView.php(144): preg_replace_callback()
#12 C:\wamp\www\yii\framework\zii\widgets\CBaseListView.php(129): CListView->renderContent()
#13 C:\wamp\www\yii\framework\web\CBaseController.php(174): CListView->run()
#14 C:\wamp\www\enet_web\protected\views\classe\index.php(20): ClasseController->widget()
#15 C:\wamp\www\yii\framework\web\CBaseController.php(127): require()
#16 C:\wamp\www\yii\framework\web\CBaseController.php(96): ClasseController->renderInternal()
#17 C:\wamp\www\yii\framework\web\CController.php(870): ClasseController->renderFile()
#18 C:\wamp\www\yii\framework\web\CController.php(783): ClasseController->renderPartial()
#19 C:\wamp\www\enet_web\protected\controllers\ClasseController.php(128): ClasseController->render()
#20 C:\wamp\www\yii\framework\web\actions\CInlineAction.php(50): ClasseController->actionIndex()
#21 C:\wamp\www\yii\framework\web\CController.php(309): CInlineAction->runWithParams()
#22 C:\wamp\www\yii\framework\web\filters\CFilterChain.php(134): ClasseController->runAction()
#23 C:\wamp\www\yii\framework\web\filters\CFilter.php(41): CFilterChain->run()
#24 C:\wamp\www\yii\framework\web\CController.php(1146): CAccessControlFilter->filter()
#25 C:\wamp\www\yii\framework\web\filters\CInlineFilter.php(59): ClasseController->filterAccessControl()
#26 C:\wamp\www\yii\framework\web\filters\CFilterChain.php(131): CInlineFilter->filter()
#27 C:\wamp\www\yii\framework\web\CController.php(292): CFilterChain->run()
#28 C:\wamp\www\yii\framework\web\CController.php(266): ClasseController->runActionWithFilters()
#29 C:\wamp\www\yii\framework\web\CWebApplication.php(283): ClasseController->run()
#30 C:\wamp\www\yii\framework\web\CWebApplication.php(142): CWebApplication->runController()
#31 C:\wamp\www\yii\framework\base\CApplication.php(162): CWebApplication->processRequest()
#32 C:\wamp\www\enet_web\index.php(13): CWebApplication->run()
REQUEST_URI=/enet_web/index.php/classe
in C:\wamp\www\enet_web\protected\views\classe\_view.php (17)
in C:\wamp\www\enet_web\protected\views\classe\index.php (20)
in C:\wamp\www\enet_web\protected\controllers\ClasseController.php (128)
2012/09/18 13:21:53 [error] [php] include(EnetEtablissement.php) [<a href='function.include'>function.include</a>]: failed to open stream: No such file or directory (C:\wamp\www\yii\framework\YiiBase.php:423)
Stack trace:
#0 C:\wamp\www\yii\framework\db\ar\CActiveRecord.php(387): spl_autoload_call()
#1 C:\wamp\www\yii\framework\db\ar\CActiveFinder.php(220): model()
#2 C:\wamp\www\yii\framework\db\ar\CActiveFinder.php(49): CActiveFinder->buildJoinTree()
#3 C:\wamp\www\yii\framework\db\ar\CActiveRecord.php(272): CActiveFinder->__construct()
#4 C:\wamp\www\yii\framework\db\ar\CActiveRecord.php(142): Classe->getRelated()
#5 C:\wamp\www\enet_web\protected\views\classe\_view.php(17): Classe->__get()
#6 C:\wamp\www\yii\framework\web\CBaseController.php(131): require()
#7 C:\wamp\www\yii\framework\web\CBaseController.php(96): ClasseController->renderInternal()
#8 C:\wamp\www\yii\framework\zii\widgets\CListView.php(260): ClasseController->renderFile()
#9 C:\wamp\www\yii\framework\zii\widgets\CBaseListView.php(161): CListView->renderItems()
#10 unknown(0): CListView->renderSection()
#11 C:\wamp\www\yii\framework\zii\widgets\CBaseListView.php(144): preg_replace_callback()
#12 C:\wamp\www\yii\framework\zii\widgets\CBaseListView.php(129): CListView->renderContent()
#13 C:\wamp\www\yii\framework\web\CBaseController.php(174): CListView->run()
#14 C:\wamp\www\enet_web\protected\views\classe\index.php(20): ClasseController->widget()
#15 C:\wamp\www\yii\framework\web\CBaseController.php(127): require()
#16 C:\wamp\www\yii\framework\web\CBaseController.php(96): ClasseController->renderInternal()
#17 C:\wamp\www\yii\framework\web\CController.php(870): ClasseController->renderFile()
#18 C:\wamp\www\yii\framework\web\CController.php(783): ClasseController->renderPartial()
#19 C:\wamp\www\enet_web\protected\controllers\ClasseController.php(128): ClasseController->render()
#20 C:\wamp\www\yii\framework\web\actions\CInlineAction.php(50): ClasseController->actionIndex()
#21 C:\wamp\www\yii\framework\web\CController.php(309): CInlineAction->runWithParams()
#22 C:\wamp\www\yii\framework\web\filters\CFilterChain.php(134): ClasseController->runAction()
#23 C:\wamp\www\yii\framework\web\filters\CFilter.php(41): CFilterChain->run()
#24 C:\wamp\www\yii\framework\web\CController.php(1146): CAccessControlFilter->filter()
#25 C:\wamp\www\yii\framework\web\filters\CInlineFilter.php(59): ClasseController->filterAccessControl()
#26 C:\wamp\www\yii\framework\web\filters\CFilterChain.php(131): CInlineFilter->filter()
#27 C:\wamp\www\yii\framework\web\CController.php(292): CFilterChain->run()
#28 C:\wamp\www\yii\framework\web\CController.php(266): ClasseController->runActionWithFilters()
#29 C:\wamp\www\yii\framework\web\CWebApplication.php(283): ClasseController->run()
#30 C:\wamp\www\yii\framework\web\CWebApplication.php(142): CWebApplication->runController()
#31 C:\wamp\www\yii\framework\base\CApplication.php(162): CWebApplication->processRequest()
#32 C:\wamp\www\enet_web\index.php(13): CWebApplication->run()
REQUEST_URI=/enet_web/index.php/classe
in C:\wamp\www\enet_web\protected\views\classe\_view.php (17)
in C:\wamp\www\enet_web\protected\views\classe\index.php (20)
in C:\wamp\www\enet_web\protected\controllers\ClasseController.php (128)
2012/09/18 13:22:44 [error] [php] include(EnetEtablissement.php) [<a href='function.include'>function.include</a>]: failed to open stream: No such file or directory (C:\wamp\www\yii\framework\YiiBase.php:423)
Stack trace:
#0 C:\wamp\www\yii\framework\db\ar\CActiveRecord.php(387): spl_autoload_call()
#1 C:\wamp\www\yii\framework\db\ar\CActiveFinder.php(220): model()
#2 C:\wamp\www\yii\framework\db\ar\CActiveFinder.php(49): CActiveFinder->buildJoinTree()
#3 C:\wamp\www\yii\framework\db\ar\CActiveRecord.php(272): CActiveFinder->__construct()
#4 C:\wamp\www\yii\framework\db\ar\CActiveRecord.php(142): Classe->getRelated()
#5 C:\wamp\www\enet_web\protected\views\classe\_view.php(5): Classe->__get()
#6 C:\wamp\www\yii\framework\web\CBaseController.php(131): require()
#7 C:\wamp\www\yii\framework\web\CBaseController.php(96): ClasseController->renderInternal()
#8 C:\wamp\www\yii\framework\zii\widgets\CListView.php(260): ClasseController->renderFile()
#9 C:\wamp\www\yii\framework\zii\widgets\CBaseListView.php(161): CListView->renderItems()
#10 unknown(0): CListView->renderSection()
#11 C:\wamp\www\yii\framework\zii\widgets\CBaseListView.php(144): preg_replace_callback()
#12 C:\wamp\www\yii\framework\zii\widgets\CBaseListView.php(129): CListView->renderContent()
#13 C:\wamp\www\yii\framework\web\CBaseController.php(174): CListView->run()
#14 C:\wamp\www\enet_web\protected\views\classe\index.php(20): ClasseController->widget()
#15 C:\wamp\www\yii\framework\web\CBaseController.php(127): require()
#16 C:\wamp\www\yii\framework\web\CBaseController.php(96): ClasseController->renderInternal()
#17 C:\wamp\www\yii\framework\web\CController.php(870): ClasseController->renderFile()
#18 C:\wamp\www\yii\framework\web\CController.php(783): ClasseController->renderPartial()
#19 C:\wamp\www\enet_web\protected\controllers\ClasseController.php(128): ClasseController->render()
#20 C:\wamp\www\yii\framework\web\actions\CInlineAction.php(50): ClasseController->actionIndex()
#21 C:\wamp\www\yii\framework\web\CController.php(309): CInlineAction->runWithParams()
#22 C:\wamp\www\yii\framework\web\filters\CFilterChain.php(134): ClasseController->runAction()
#23 C:\wamp\www\yii\framework\web\filters\CFilter.php(41): CFilterChain->run()
#24 C:\wamp\www\yii\framework\web\CController.php(1146): CAccessControlFilter->filter()
#25 C:\wamp\www\yii\framework\web\filters\CInlineFilter.php(59): ClasseController->filterAccessControl()
#26 C:\wamp\www\yii\framework\web\filters\CFilterChain.php(131): CInlineFilter->filter()
#27 C:\wamp\www\yii\framework\web\CController.php(292): CFilterChain->run()
#28 C:\wamp\www\yii\framework\web\CController.php(266): ClasseController->runActionWithFilters()
#29 C:\wamp\www\yii\framework\web\CWebApplication.php(283): ClasseController->run()
#30 C:\wamp\www\yii\framework\web\CWebApplication.php(142): CWebApplication->runController()
#31 C:\wamp\www\yii\framework\base\CApplication.php(162): CWebApplication->processRequest()
#32 C:\wamp\www\enet_web\index.php(13): CWebApplication->run()
REQUEST_URI=/enet_web/index.php/classe
in C:\wamp\www\enet_web\protected\views\classe\_view.php (5)
in C:\wamp\www\enet_web\protected\views\classe\index.php (20)
in C:\wamp\www\enet_web\protected\controllers\ClasseController.php (128)
2012/09/18 13:22:59 [error] [php] include(EnetEtablissement.php) [<a href='function.include'>function.include</a>]: failed to open stream: No such file or directory (C:\wamp\www\yii\framework\YiiBase.php:423)
Stack trace:
#0 C:\wamp\www\yii\framework\db\ar\CActiveRecord.php(387): spl_autoload_call()
#1 C:\wamp\www\yii\framework\db\ar\CActiveFinder.php(220): model()
#2 C:\wamp\www\yii\framework\db\ar\CActiveFinder.php(49): CActiveFinder->buildJoinTree()
#3 C:\wamp\www\yii\framework\db\ar\CActiveRecord.php(272): CActiveFinder->__construct()
#4 C:\wamp\www\yii\framework\db\ar\CActiveRecord.php(142): Classe->getRelated()
#5 C:\wamp\www\enet_web\protected\views\classe\_view.php(5): Classe->__get()
#6 C:\wamp\www\yii\framework\web\CBaseController.php(131): require()
#7 C:\wamp\www\yii\framework\web\CBaseController.php(96): ClasseController->renderInternal()
#8 C:\wamp\www\yii\framework\zii\widgets\CListView.php(260): ClasseController->renderFile()
#9 C:\wamp\www\yii\framework\zii\widgets\CBaseListView.php(161): CListView->renderItems()
#10 unknown(0): CListView->renderSection()
#11 C:\wamp\www\yii\framework\zii\widgets\CBaseListView.php(144): preg_replace_callback()
#12 C:\wamp\www\yii\framework\zii\widgets\CBaseListView.php(129): CListView->renderContent()
#13 C:\wamp\www\yii\framework\web\CBaseController.php(174): CListView->run()
#14 C:\wamp\www\enet_web\protected\views\classe\index.php(20): ClasseController->widget()
#15 C:\wamp\www\yii\framework\web\CBaseController.php(127): require()
#16 C:\wamp\www\yii\framework\web\CBaseController.php(96): ClasseController->renderInternal()
#17 C:\wamp\www\yii\framework\web\CController.php(870): ClasseController->renderFile()
#18 C:\wamp\www\yii\framework\web\CController.php(783): ClasseController->renderPartial()
#19 C:\wamp\www\enet_web\protected\controllers\ClasseController.php(128): ClasseController->render()
#20 C:\wamp\www\yii\framework\web\actions\CInlineAction.php(50): ClasseController->actionIndex()
#21 C:\wamp\www\yii\framework\web\CController.php(309): CInlineAction->runWithParams()
#22 C:\wamp\www\yii\framework\web\filters\CFilterChain.php(134): ClasseController->runAction()
#23 C:\wamp\www\yii\framework\web\filters\CFilter.php(41): CFilterChain->run()
#24 C:\wamp\www\yii\framework\web\CController.php(1146): CAccessControlFilter->filter()
#25 C:\wamp\www\yii\framework\web\filters\CInlineFilter.php(59): ClasseController->filterAccessControl()
#26 C:\wamp\www\yii\framework\web\filters\CFilterChain.php(131): CInlineFilter->filter()
#27 C:\wamp\www\yii\framework\web\CController.php(292): CFilterChain->run()
#28 C:\wamp\www\yii\framework\web\CController.php(266): ClasseController->runActionWithFilters()
#29 C:\wamp\www\yii\framework\web\CWebApplication.php(283): ClasseController->run()
#30 C:\wamp\www\yii\framework\web\CWebApplication.php(142): CWebApplication->runController()
#31 C:\wamp\www\yii\framework\base\CApplication.php(162): CWebApplication->processRequest()
#32 C:\wamp\www\enet_web\index.php(13): CWebApplication->run()
REQUEST_URI=/enet_web/index.php/classe
in C:\wamp\www\enet_web\protected\views\classe\_view.php (5)
in C:\wamp\www\enet_web\protected\views\classe\index.php (20)
in C:\wamp\www\enet_web\protected\controllers\ClasseController.php (128)
2012/09/18 13:23:00 [error] [php] include(EnetEtablissement.php) [<a href='function.include'>function.include</a>]: failed to open stream: No such file or directory (C:\wamp\www\yii\framework\YiiBase.php:423)
Stack trace:
#0 C:\wamp\www\yii\framework\db\ar\CActiveRecord.php(387): spl_autoload_call()
#1 C:\wamp\www\yii\framework\db\ar\CActiveFinder.php(220): model()
#2 C:\wamp\www\yii\framework\db\ar\CActiveFinder.php(49): CActiveFinder->buildJoinTree()
#3 C:\wamp\www\yii\framework\db\ar\CActiveRecord.php(272): CActiveFinder->__construct()
#4 C:\wamp\www\yii\framework\db\ar\CActiveRecord.php(142): Classe->getRelated()
#5 C:\wamp\www\enet_web\protected\views\classe\_view.php(5): Classe->__get()
#6 C:\wamp\www\yii\framework\web\CBaseController.php(131): require()
#7 C:\wamp\www\yii\framework\web\CBaseController.php(96): ClasseController->renderInternal()
#8 C:\wamp\www\yii\framework\zii\widgets\CListView.php(260): ClasseController->renderFile()
#9 C:\wamp\www\yii\framework\zii\widgets\CBaseListView.php(161): CListView->renderItems()
#10 unknown(0): CListView->renderSection()
#11 C:\wamp\www\yii\framework\zii\widgets\CBaseListView.php(144): preg_replace_callback()
#12 C:\wamp\www\yii\framework\zii\widgets\CBaseListView.php(129): CListView->renderContent()
#13 C:\wamp\www\yii\framework\web\CBaseController.php(174): CListView->run()
#14 C:\wamp\www\enet_web\protected\views\classe\index.php(20): ClasseController->widget()
#15 C:\wamp\www\yii\framework\web\CBaseController.php(127): require()
#16 C:\wamp\www\yii\framework\web\CBaseController.php(96): ClasseController->renderInternal()
#17 C:\wamp\www\yii\framework\web\CController.php(870): ClasseController->renderFile()
#18 C:\wamp\www\yii\framework\web\CController.php(783): ClasseController->renderPartial()
#19 C:\wamp\www\enet_web\protected\controllers\ClasseController.php(128): ClasseController->render()
#20 C:\wamp\www\yii\framework\web\actions\CInlineAction.php(50): ClasseController->actionIndex()
#21 C:\wamp\www\yii\framework\web\CController.php(309): CInlineAction->runWithParams()
#22 C:\wamp\www\yii\framework\web\filters\CFilterChain.php(134): ClasseController->runAction()
#23 C:\wamp\www\yii\framework\web\filters\CFilter.php(41): CFilterChain->run()
#24 C:\wamp\www\yii\framework\web\CController.php(1146): CAccessControlFilter->filter()
#25 C:\wamp\www\yii\framework\web\filters\CInlineFilter.php(59): ClasseController->filterAccessControl()
#26 C:\wamp\www\yii\framework\web\filters\CFilterChain.php(131): CInlineFilter->filter()
#27 C:\wamp\www\yii\framework\web\CController.php(292): CFilterChain->run()
#28 C:\wamp\www\yii\framework\web\CController.php(266): ClasseController->runActionWithFilters()
#29 C:\wamp\www\yii\framework\web\CWebApplication.php(283): ClasseController->run()
#30 C:\wamp\www\yii\framework\web\CWebApplication.php(142): CWebApplication->runController()
#31 C:\wamp\www\yii\framework\base\CApplication.php(162): CWebApplication->processRequest()
#32 C:\wamp\www\enet_web\index.php(13): CWebApplication->run()
REQUEST_URI=/enet_web/index.php/classe
in C:\wamp\www\enet_web\protected\views\classe\_view.php (5)
in C:\wamp\www\enet_web\protected\views\classe\index.php (20)
in C:\wamp\www\enet_web\protected\controllers\ClasseController.php (128)
2012/09/18 13:23:03 [error] [php] include(EnetEtablissement.php) [<a href='function.include'>function.include</a>]: failed to open stream: No such file or directory (C:\wamp\www\yii\framework\YiiBase.php:423)
Stack trace:
#0 C:\wamp\www\yii\framework\db\ar\CActiveRecord.php(387): spl_autoload_call()
#1 C:\wamp\www\yii\framework\db\ar\CActiveFinder.php(220): model()
#2 C:\wamp\www\yii\framework\db\ar\CActiveFinder.php(49): CActiveFinder->buildJoinTree()
#3 C:\wamp\www\yii\framework\db\ar\CActiveRecord.php(272): CActiveFinder->__construct()
#4 C:\wamp\www\yii\framework\db\ar\CActiveRecord.php(142): Classe->getRelated()
#5 C:\wamp\www\enet_web\protected\views\classe\_view.php(5): Classe->__get()
#6 C:\wamp\www\yii\framework\web\CBaseController.php(131): require()
#7 C:\wamp\www\yii\framework\web\CBaseController.php(96): ClasseController->renderInternal()
#8 C:\wamp\www\yii\framework\zii\widgets\CListView.php(260): ClasseController->renderFile()
#9 C:\wamp\www\yii\framework\zii\widgets\CBaseListView.php(161): CListView->renderItems()
#10 unknown(0): CListView->renderSection()
#11 C:\wamp\www\yii\framework\zii\widgets\CBaseListView.php(144): preg_replace_callback()
#12 C:\wamp\www\yii\framework\zii\widgets\CBaseListView.php(129): CListView->renderContent()
#13 C:\wamp\www\yii\framework\web\CBaseController.php(174): CListView->run()
#14 C:\wamp\www\enet_web\protected\views\classe\index.php(20): ClasseController->widget()
#15 C:\wamp\www\yii\framework\web\CBaseController.php(127): require()
#16 C:\wamp\www\yii\framework\web\CBaseController.php(96): ClasseController->renderInternal()
#17 C:\wamp\www\yii\framework\web\CController.php(870): ClasseController->renderFile()
#18 C:\wamp\www\yii\framework\web\CController.php(783): ClasseController->renderPartial()
#19 C:\wamp\www\enet_web\protected\controllers\ClasseController.php(128): ClasseController->render()
#20 C:\wamp\www\yii\framework\web\actions\CInlineAction.php(50): ClasseController->actionIndex()
#21 C:\wamp\www\yii\framework\web\CController.php(309): CInlineAction->runWithParams()
#22 C:\wamp\www\yii\framework\web\filters\CFilterChain.php(134): ClasseController->runAction()
#23 C:\wamp\www\yii\framework\web\filters\CFilter.php(41): CFilterChain->run()
#24 C:\wamp\www\yii\framework\web\CController.php(1146): CAccessControlFilter->filter()
#25 C:\wamp\www\yii\framework\web\filters\CInlineFilter.php(59): ClasseController->filterAccessControl()
#26 C:\wamp\www\yii\framework\web\filters\CFilterChain.php(131): CInlineFilter->filter()
#27 C:\wamp\www\yii\framework\web\CController.php(292): CFilterChain->run()
#28 C:\wamp\www\yii\framework\web\CController.php(266): ClasseController->runActionWithFilters()
#29 C:\wamp\www\yii\framework\web\CWebApplication.php(283): ClasseController->run()
#30 C:\wamp\www\yii\framework\web\CWebApplication.php(142): CWebApplication->runController()
#31 C:\wamp\www\yii\framework\base\CApplication.php(162): CWebApplication->processRequest()
#32 C:\wamp\www\enet_web\index.php(13): CWebApplication->run()
REQUEST_URI=/enet_web/index.php/classe
in C:\wamp\www\enet_web\protected\views\classe\_view.php (5)
in C:\wamp\www\enet_web\protected\views\classe\index.php (20)
in C:\wamp\www\enet_web\protected\controllers\ClasseController.php (128)
2012/09/18 13:30:35 [error] [php] htmlspecialchars() expects parameter 1 to be string, object given (C:\wamp\www\yii\framework\web\helpers\CHtml.php:85)
Stack trace:
#0 C:\wamp\www\yii\framework\web\CBaseController.php(131): require()
#1 C:\wamp\www\yii\framework\web\CBaseController.php(96): ClasseController->renderInternal()
#2 C:\wamp\www\yii\framework\zii\widgets\CListView.php(260): ClasseController->renderFile()
#3 C:\wamp\www\yii\framework\zii\widgets\CBaseListView.php(161): CListView->renderItems()
#4 unknown(0): CListView->renderSection()
#5 C:\wamp\www\yii\framework\zii\widgets\CBaseListView.php(144): preg_replace_callback()
#6 C:\wamp\www\yii\framework\zii\widgets\CBaseListView.php(129): CListView->renderContent()
#7 C:\wamp\www\yii\framework\web\CBaseController.php(174): CListView->run()
#8 C:\wamp\www\enet_web\protected\views\classe\index.php(20): ClasseController->widget()
#9 C:\wamp\www\yii\framework\web\CBaseController.php(127): require()
#10 C:\wamp\www\yii\framework\web\CBaseController.php(96): ClasseController->renderInternal()
#11 C:\wamp\www\yii\framework\web\CController.php(870): ClasseController->renderFile()
#12 C:\wamp\www\yii\framework\web\CController.php(783): ClasseController->renderPartial()
#13 C:\wamp\www\enet_web\protected\controllers\ClasseController.php(128): ClasseController->render()
#14 C:\wamp\www\yii\framework\web\actions\CInlineAction.php(50): ClasseController->actionIndex()
#15 C:\wamp\www\yii\framework\web\CController.php(309): CInlineAction->runWithParams()
#16 C:\wamp\www\yii\framework\web\filters\CFilterChain.php(134): ClasseController->runAction()
#17 C:\wamp\www\yii\framework\web\filters\CFilter.php(41): CFilterChain->run()
#18 C:\wamp\www\yii\framework\web\CController.php(1146): CAccessControlFilter->filter()
#19 C:\wamp\www\yii\framework\web\filters\CInlineFilter.php(59): ClasseController->filterAccessControl()
#20 C:\wamp\www\yii\framework\web\filters\CFilterChain.php(131): CInlineFilter->filter()
#21 C:\wamp\www\yii\framework\web\CController.php(292): CFilterChain->run()
#22 C:\wamp\www\yii\framework\web\CController.php(266): ClasseController->runActionWithFilters()
#23 C:\wamp\www\yii\framework\web\CWebApplication.php(283): ClasseController->run()
#24 C:\wamp\www\yii\framework\web\CWebApplication.php(142): CWebApplication->runController()
#25 C:\wamp\www\yii\framework\base\CApplication.php(162): CWebApplication->processRequest()
#26 C:\wamp\www\enet_web\index.php(13): CWebApplication->run()
REQUEST_URI=/enet_web/index.php/classe
in C:\wamp\www\enet_web\protected\views\classe\_view.php (20)
in C:\wamp\www\enet_web\protected\views\classe\index.php (20)
in C:\wamp\www\enet_web\protected\controllers\ClasseController.php (128)
2012/09/18 13:31:37 [error] [php] Missing argument 1 for CHtml::encode(), called in C:\wamp\www\enet_web\protected\views\classe\_view.php on line 20 and defined (C:\wamp\www\yii\framework\web\helpers\CHtml.php:83)
Stack trace:
#0 C:\wamp\www\yii\framework\web\CBaseController.php(96): ClasseController->renderInternal()
#1 C:\wamp\www\yii\framework\zii\widgets\CListView.php(260): ClasseController->renderFile()
#2 C:\wamp\www\yii\framework\zii\widgets\CBaseListView.php(161): CListView->renderItems()
#3 unknown(0): CListView->renderSection()
#4 C:\wamp\www\yii\framework\zii\widgets\CBaseListView.php(144): preg_replace_callback()
#5 C:\wamp\www\yii\framework\zii\widgets\CBaseListView.php(129): CListView->renderContent()
#6 C:\wamp\www\yii\framework\web\CBaseController.php(174): CListView->run()
#7 C:\wamp\www\enet_web\protected\views\classe\index.php(20): ClasseController->widget()
#8 C:\wamp\www\yii\framework\web\CBaseController.php(127): require()
#9 C:\wamp\www\yii\framework\web\CBaseController.php(96): ClasseController->renderInternal()
#10 C:\wamp\www\yii\framework\web\CController.php(870): ClasseController->renderFile()
#11 C:\wamp\www\yii\framework\web\CController.php(783): ClasseController->renderPartial()
#12 C:\wamp\www\enet_web\protected\controllers\ClasseController.php(128): ClasseController->render()
#13 C:\wamp\www\yii\framework\web\actions\CInlineAction.php(50): ClasseController->actionIndex()
#14 C:\wamp\www\yii\framework\web\CController.php(309): CInlineAction->runWithParams()
#15 C:\wamp\www\yii\framework\web\filters\CFilterChain.php(134): ClasseController->runAction()
#16 C:\wamp\www\yii\framework\web\filters\CFilter.php(41): CFilterChain->run()
#17 C:\wamp\www\yii\framework\web\CController.php(1146): CAccessControlFilter->filter()
#18 C:\wamp\www\yii\framework\web\filters\CInlineFilter.php(59): ClasseController->filterAccessControl()
#19 C:\wamp\www\yii\framework\web\filters\CFilterChain.php(131): CInlineFilter->filter()
#20 C:\wamp\www\yii\framework\web\CController.php(292): CFilterChain->run()
#21 C:\wamp\www\yii\framework\web\CController.php(266): ClasseController->runActionWithFilters()
#22 C:\wamp\www\yii\framework\web\CWebApplication.php(283): ClasseController->run()
#23 C:\wamp\www\yii\framework\web\CWebApplication.php(142): CWebApplication->runController()
#24 C:\wamp\www\yii\framework\base\CApplication.php(162): CWebApplication->processRequest()
#25 C:\wamp\www\enet_web\index.php(13): CWebApplication->run()
REQUEST_URI=/enet_web/index.php/classe
in C:\wamp\www\enet_web\protected\views\classe\_view.php (20)
in C:\wamp\www\enet_web\protected\views\classe\index.php (20)
in C:\wamp\www\enet_web\protected\controllers\ClasseController.php (128)
2012/09/18 13:31:38 [error] [php] Missing argument 1 for CHtml::encode(), called in C:\wamp\www\enet_web\protected\views\classe\_view.php on line 20 and defined (C:\wamp\www\yii\framework\web\helpers\CHtml.php:83)
Stack trace:
#0 C:\wamp\www\yii\framework\web\CBaseController.php(96): ClasseController->renderInternal()
#1 C:\wamp\www\yii\framework\zii\widgets\CListView.php(260): ClasseController->renderFile()
#2 C:\wamp\www\yii\framework\zii\widgets\CBaseListView.php(161): CListView->renderItems()
#3 unknown(0): CListView->renderSection()
#4 C:\wamp\www\yii\framework\zii\widgets\CBaseListView.php(144): preg_replace_callback()
#5 C:\wamp\www\yii\framework\zii\widgets\CBaseListView.php(129): CListView->renderContent()
#6 C:\wamp\www\yii\framework\web\CBaseController.php(174): CListView->run()
#7 C:\wamp\www\enet_web\protected\views\classe\index.php(20): ClasseController->widget()
#8 C:\wamp\www\yii\framework\web\CBaseController.php(127): require()
#9 C:\wamp\www\yii\framework\web\CBaseController.php(96): ClasseController->renderInternal()
#10 C:\wamp\www\yii\framework\web\CController.php(870): ClasseController->renderFile()
#11 C:\wamp\www\yii\framework\web\CController.php(783): ClasseController->renderPartial()
#12 C:\wamp\www\enet_web\protected\controllers\ClasseController.php(128): ClasseController->render()
#13 C:\wamp\www\yii\framework\web\actions\CInlineAction.php(50): ClasseController->actionIndex()
#14 C:\wamp\www\yii\framework\web\CController.php(309): CInlineAction->runWithParams()
#15 C:\wamp\www\yii\framework\web\filters\CFilterChain.php(134): ClasseController->runAction()
#16 C:\wamp\www\yii\framework\web\filters\CFilter.php(41): CFilterChain->run()
#17 C:\wamp\www\yii\framework\web\CController.php(1146): CAccessControlFilter->filter()
#18 C:\wamp\www\yii\framework\web\filters\CInlineFilter.php(59): ClasseController->filterAccessControl()
#19 C:\wamp\www\yii\framework\web\filters\CFilterChain.php(131): CInlineFilter->filter()
#20 C:\wamp\www\yii\framework\web\CController.php(292): CFilterChain->run()
#21 C:\wamp\www\yii\framework\web\CController.php(266): ClasseController->runActionWithFilters()
#22 C:\wamp\www\yii\framework\web\CWebApplication.php(283): ClasseController->run()
#23 C:\wamp\www\yii\framework\web\CWebApplication.php(142): CWebApplication->runController()
#24 C:\wamp\www\yii\framework\base\CApplication.php(162): CWebApplication->processRequest()
#25 C:\wamp\www\enet_web\index.php(13): CWebApplication->run()
REQUEST_URI=/enet_web/index.php/classe
in C:\wamp\www\enet_web\protected\views\classe\_view.php (20)
in C:\wamp\www\enet_web\protected\views\classe\index.php (20)
in C:\wamp\www\enet_web\protected\controllers\ClasseController.php (128)
2012/09/18 14:41:21 [error] [php] Missing argument 2 for CActiveForm::labelEx(), called in C:\wamp\www\enet_web\protected\views\etablissement\_form.php on line 19 and defined (C:\wamp\www\yii\framework\web\widgets\CActiveForm.php:561)
Stack trace:
#0 C:\wamp\www\yii\framework\web\CBaseController.php(96): EtablissementController->renderInternal()
#1 C:\wamp\www\yii\framework\web\CController.php(870): EtablissementController->renderFile()
#2 C:\wamp\www\enet_web\protected\views\etablissement\create.php(18): EtablissementController->renderPartial()
#3 C:\wamp\www\yii\framework\web\CBaseController.php(127): require()
#4 C:\wamp\www\yii\framework\web\CBaseController.php(96): EtablissementController->renderInternal()
#5 C:\wamp\www\yii\framework\web\CController.php(870): EtablissementController->renderFile()
#6 C:\wamp\www\yii\framework\web\CController.php(783): EtablissementController->renderPartial()
#7 C:\wamp\www\enet_web\protected\controllers\EtablissementController.php(79): EtablissementController->render()
#8 C:\wamp\www\yii\framework\web\actions\CInlineAction.php(50): EtablissementController->actionCreate()
#9 C:\wamp\www\yii\framework\web\CController.php(309): CInlineAction->runWithParams()
#10 C:\wamp\www\yii\framework\web\filters\CFilterChain.php(134): EtablissementController->runAction()
#11 C:\wamp\www\yii\framework\web\filters\CFilter.php(41): CFilterChain->run()
#12 C:\wamp\www\yii\framework\web\CController.php(1146): CAccessControlFilter->filter()
#13 C:\wamp\www\yii\framework\web\filters\CInlineFilter.php(59): EtablissementController->filterAccessControl()
#14 C:\wamp\www\yii\framework\web\filters\CFilterChain.php(131): CInlineFilter->filter()
#15 C:\wamp\www\yii\framework\web\CController.php(292): CFilterChain->run()
#16 C:\wamp\www\yii\framework\web\CController.php(266): EtablissementController->runActionWithFilters()
#17 C:\wamp\www\yii\framework\web\CWebApplication.php(283): EtablissementController->run()
#18 C:\wamp\www\yii\framework\web\CWebApplication.php(142): CWebApplication->runController()
#19 C:\wamp\www\yii\framework\base\CApplication.php(162): CWebApplication->processRequest()
#20 C:\wamp\www\enet_web\index.php(13): CWebApplication->run()
REQUEST_URI=/enet_web/index.php/etablissement/create
in C:\wamp\www\enet_web\protected\views\etablissement\_form.php (19)
in C:\wamp\www\enet_web\protected\views\etablissement\create.php (18)
in C:\wamp\www\enet_web\protected\controllers\EtablissementController.php (79)
2012/09/18 14:41:24 [error] [php] Missing argument 2 for CActiveForm::labelEx(), called in C:\wamp\www\enet_web\protected\views\etablissement\_form.php on line 19 and defined (C:\wamp\www\yii\framework\web\widgets\CActiveForm.php:561)
Stack trace:
#0 C:\wamp\www\yii\framework\web\CBaseController.php(96): EtablissementController->renderInternal()
#1 C:\wamp\www\yii\framework\web\CController.php(870): EtablissementController->renderFile()
#2 C:\wamp\www\enet_web\protected\views\etablissement\create.php(18): EtablissementController->renderPartial()
#3 C:\wamp\www\yii\framework\web\CBaseController.php(127): require()
#4 C:\wamp\www\yii\framework\web\CBaseController.php(96): EtablissementController->renderInternal()
#5 C:\wamp\www\yii\framework\web\CController.php(870): EtablissementController->renderFile()
#6 C:\wamp\www\yii\framework\web\CController.php(783): EtablissementController->renderPartial()
#7 C:\wamp\www\enet_web\protected\controllers\EtablissementController.php(79): EtablissementController->render()
#8 C:\wamp\www\yii\framework\web\actions\CInlineAction.php(50): EtablissementController->actionCreate()
#9 C:\wamp\www\yii\framework\web\CController.php(309): CInlineAction->runWithParams()
#10 C:\wamp\www\yii\framework\web\filters\CFilterChain.php(134): EtablissementController->runAction()
#11 C:\wamp\www\yii\framework\web\filters\CFilter.php(41): CFilterChain->run()
#12 C:\wamp\www\yii\framework\web\CController.php(1146): CAccessControlFilter->filter()
#13 C:\wamp\www\yii\framework\web\filters\CInlineFilter.php(59): EtablissementController->filterAccessControl()
#14 C:\wamp\www\yii\framework\web\filters\CFilterChain.php(131): CInlineFilter->filter()
#15 C:\wamp\www\yii\framework\web\CController.php(292): CFilterChain->run()
#16 C:\wamp\www\yii\framework\web\CController.php(266): EtablissementController->runActionWithFilters()
#17 C:\wamp\www\yii\framework\web\CWebApplication.php(283): EtablissementController->run()
#18 C:\wamp\www\yii\framework\web\CWebApplication.php(142): CWebApplication->runController()
#19 C:\wamp\www\yii\framework\base\CApplication.php(162): CWebApplication->processRequest()
#20 C:\wamp\www\enet_web\index.php(13): CWebApplication->run()
REQUEST_URI=/enet_web/index.php/etablissement/create
in C:\wamp\www\enet_web\protected\views\etablissement\_form.php (19)
in C:\wamp\www\enet_web\protected\views\etablissement\create.php (18)
in C:\wamp\www\enet_web\protected\controllers\EtablissementController.php (79)
2012/09/18 14:41:25 [error] [php] Missing argument 2 for CActiveForm::labelEx(), called in C:\wamp\www\enet_web\protected\views\etablissement\_form.php on line 19 and defined (C:\wamp\www\yii\framework\web\widgets\CActiveForm.php:561)
Stack trace:
#0 C:\wamp\www\yii\framework\web\CBaseController.php(96): EtablissementController->renderInternal()
#1 C:\wamp\www\yii\framework\web\CController.php(870): EtablissementController->renderFile()
#2 C:\wamp\www\enet_web\protected\views\etablissement\create.php(18): EtablissementController->renderPartial()
#3 C:\wamp\www\yii\framework\web\CBaseController.php(127): require()
#4 C:\wamp\www\yii\framework\web\CBaseController.php(96): EtablissementController->renderInternal()
#5 C:\wamp\www\yii\framework\web\CController.php(870): EtablissementController->renderFile()
#6 C:\wamp\www\yii\framework\web\CController.php(783): EtablissementController->renderPartial()
#7 C:\wamp\www\enet_web\protected\controllers\EtablissementController.php(79): EtablissementController->render()
#8 C:\wamp\www\yii\framework\web\actions\CInlineAction.php(50): EtablissementController->actionCreate()
#9 C:\wamp\www\yii\framework\web\CController.php(309): CInlineAction->runWithParams()
#10 C:\wamp\www\yii\framework\web\filters\CFilterChain.php(134): EtablissementController->runAction()
#11 C:\wamp\www\yii\framework\web\filters\CFilter.php(41): CFilterChain->run()
#12 C:\wamp\www\yii\framework\web\CController.php(1146): CAccessControlFilter->filter()
#13 C:\wamp\www\yii\framework\web\filters\CInlineFilter.php(59): EtablissementController->filterAccessControl()
#14 C:\wamp\www\yii\framework\web\filters\CFilterChain.php(131): CInlineFilter->filter()
#15 C:\wamp\www\yii\framework\web\CController.php(292): CFilterChain->run()
#16 C:\wamp\www\yii\framework\web\CController.php(266): EtablissementController->runActionWithFilters()
#17 C:\wamp\www\yii\framework\web\CWebApplication.php(283): EtablissementController->run()
#18 C:\wamp\www\yii\framework\web\CWebApplication.php(142): CWebApplication->runController()
#19 C:\wamp\www\yii\framework\base\CApplication.php(162): CWebApplication->processRequest()
#20 C:\wamp\www\enet_web\index.php(13): CWebApplication->run()
REQUEST_URI=/enet_web/index.php/etablissement/create
in C:\wamp\www\enet_web\protected\views\etablissement\_form.php (19)
in C:\wamp\www\enet_web\protected\views\etablissement\create.php (18)
in C:\wamp\www\enet_web\protected\controllers\EtablissementController.php (79)
2012/09/18 14:41:26 [error] [php] Missing argument 2 for CActiveForm::labelEx(), called in C:\wamp\www\enet_web\protected\views\etablissement\_form.php on line 19 and defined (C:\wamp\www\yii\framework\web\widgets\CActiveForm.php:561)
Stack trace:
#0 C:\wamp\www\yii\framework\web\CBaseController.php(96): EtablissementController->renderInternal()
#1 C:\wamp\www\yii\framework\web\CController.php(870): EtablissementController->renderFile()
#2 C:\wamp\www\enet_web\protected\views\etablissement\create.php(18): EtablissementController->renderPartial()
#3 C:\wamp\www\yii\framework\web\CBaseController.php(127): require()
#4 C:\wamp\www\yii\framework\web\CBaseController.php(96): EtablissementController->renderInternal()
#5 C:\wamp\www\yii\framework\web\CController.php(870): EtablissementController->renderFile()
#6 C:\wamp\www\yii\framework\web\CController.php(783): EtablissementController->renderPartial()
#7 C:\wamp\www\enet_web\protected\controllers\EtablissementController.php(79): EtablissementController->render()
#8 C:\wamp\www\yii\framework\web\actions\CInlineAction.php(50): EtablissementController->actionCreate()
#9 C:\wamp\www\yii\framework\web\CController.php(309): CInlineAction->runWithParams()
#10 C:\wamp\www\yii\framework\web\filters\CFilterChain.php(134): EtablissementController->runAction()
#11 C:\wamp\www\yii\framework\web\filters\CFilter.php(41): CFilterChain->run()
#12 C:\wamp\www\yii\framework\web\CController.php(1146): CAccessControlFilter->filter()
#13 C:\wamp\www\yii\framework\web\filters\CInlineFilter.php(59): EtablissementController->filterAccessControl()
#14 C:\wamp\www\yii\framework\web\filters\CFilterChain.php(131): CInlineFilter->filter()
#15 C:\wamp\www\yii\framework\web\CController.php(292): CFilterChain->run()
#16 C:\wamp\www\yii\framework\web\CController.php(266): EtablissementController->runActionWithFilters()
#17 C:\wamp\www\yii\framework\web\CWebApplication.php(283): EtablissementController->run()
#18 C:\wamp\www\yii\framework\web\CWebApplication.php(142): CWebApplication->runController()
#19 C:\wamp\www\yii\framework\base\CApplication.php(162): CWebApplication->processRequest()
#20 C:\wamp\www\enet_web\index.php(13): CWebApplication->run()
REQUEST_URI=/enet_web/index.php/etablissement/create
in C:\wamp\www\enet_web\protected\views\etablissement\_form.php (19)
in C:\wamp\www\enet_web\protected\views\etablissement\create.php (18)
in C:\wamp\www\enet_web\protected\controllers\EtablissementController.php (79)
2012/09/18 14:41:27 [error] [php] Missing argument 2 for CActiveForm::labelEx(), called in C:\wamp\www\enet_web\protected\views\etablissement\_form.php on line 19 and defined (C:\wamp\www\yii\framework\web\widgets\CActiveForm.php:561)
Stack trace:
#0 C:\wamp\www\yii\framework\web\CBaseController.php(96): EtablissementController->renderInternal()
#1 C:\wamp\www\yii\framework\web\CController.php(870): EtablissementController->renderFile()
#2 C:\wamp\www\enet_web\protected\views\etablissement\create.php(18): EtablissementController->renderPartial()
#3 C:\wamp\www\yii\framework\web\CBaseController.php(127): require()
#4 C:\wamp\www\yii\framework\web\CBaseController.php(96): EtablissementController->renderInternal()
#5 C:\wamp\www\yii\framework\web\CController.php(870): EtablissementController->renderFile()
#6 C:\wamp\www\yii\framework\web\CController.php(783): EtablissementController->renderPartial()
#7 C:\wamp\www\enet_web\protected\controllers\EtablissementController.php(79): EtablissementController->render()
#8 C:\wamp\www\yii\framework\web\actions\CInlineAction.php(50): EtablissementController->actionCreate()
#9 C:\wamp\www\yii\framework\web\CController.php(309): CInlineAction->runWithParams()
#10 C:\wamp\www\yii\framework\web\filters\CFilterChain.php(134): EtablissementController->runAction()
#11 C:\wamp\www\yii\framework\web\filters\CFilter.php(41): CFilterChain->run()
#12 C:\wamp\www\yii\framework\web\CController.php(1146): CAccessControlFilter->filter()
#13 C:\wamp\www\yii\framework\web\filters\CInlineFilter.php(59): EtablissementController->filterAccessControl()
#14 C:\wamp\www\yii\framework\web\filters\CFilterChain.php(131): CInlineFilter->filter()
#15 C:\wamp\www\yii\framework\web\CController.php(292): CFilterChain->run()
#16 C:\wamp\www\yii\framework\web\CController.php(266): EtablissementController->runActionWithFilters()
#17 C:\wamp\www\yii\framework\web\CWebApplication.php(283): EtablissementController->run()
#18 C:\wamp\www\yii\framework\web\CWebApplication.php(142): CWebApplication->runController()
#19 C:\wamp\www\yii\framework\base\CApplication.php(162): CWebApplication->processRequest()
#20 C:\wamp\www\enet_web\index.php(13): CWebApplication->run()
REQUEST_URI=/enet_web/index.php/etablissement/create
in C:\wamp\www\enet_web\protected\views\etablissement\_form.php (19)
in C:\wamp\www\enet_web\protected\views\etablissement\create.php (18)
in C:\wamp\www\enet_web\protected\controllers\EtablissementController.php (79)
2012/09/18 14:41:28 [error] [php] Missing argument 2 for CActiveForm::labelEx(), called in C:\wamp\www\enet_web\protected\views\etablissement\_form.php on line 19 and defined (C:\wamp\www\yii\framework\web\widgets\CActiveForm.php:561)
Stack trace:
#0 C:\wamp\www\yii\framework\web\CBaseController.php(96): EtablissementController->renderInternal()
#1 C:\wamp\www\yii\framework\web\CController.php(870): EtablissementController->renderFile()
#2 C:\wamp\www\enet_web\protected\views\etablissement\create.php(18): EtablissementController->renderPartial()
#3 C:\wamp\www\yii\framework\web\CBaseController.php(127): require()
#4 C:\wamp\www\yii\framework\web\CBaseController.php(96): EtablissementController->renderInternal()
#5 C:\wamp\www\yii\framework\web\CController.php(870): EtablissementController->renderFile()
#6 C:\wamp\www\yii\framework\web\CController.php(783): EtablissementController->renderPartial()
#7 C:\wamp\www\enet_web\protected\controllers\EtablissementController.php(79): EtablissementController->render()
#8 C:\wamp\www\yii\framework\web\actions\CInlineAction.php(50): EtablissementController->actionCreate()
#9 C:\wamp\www\yii\framework\web\CController.php(309): CInlineAction->runWithParams()
#10 C:\wamp\www\yii\framework\web\filters\CFilterChain.php(134): EtablissementController->runAction()
#11 C:\wamp\www\yii\framework\web\filters\CFilter.php(41): CFilterChain->run()
#12 C:\wamp\www\yii\framework\web\CController.php(1146): CAccessControlFilter->filter()
#13 C:\wamp\www\yii\framework\web\filters\CInlineFilter.php(59): EtablissementController->filterAccessControl()
#14 C:\wamp\www\yii\framework\web\filters\CFilterChain.php(131): CInlineFilter->filter()
#15 C:\wamp\www\yii\framework\web\CController.php(292): CFilterChain->run()
#16 C:\wamp\www\yii\framework\web\CController.php(266): EtablissementController->runActionWithFilters()
#17 C:\wamp\www\yii\framework\web\CWebApplication.php(283): EtablissementController->run()
#18 C:\wamp\www\yii\framework\web\CWebApplication.php(142): CWebApplication->runController()
#19 C:\wamp\www\yii\framework\base\CApplication.php(162): CWebApplication->processRequest()
#20 C:\wamp\www\enet_web\index.php(13): CWebApplication->run()
REQUEST_URI=/enet_web/index.php/etablissement/create
in C:\wamp\www\enet_web\protected\views\etablissement\_form.php (19)
in C:\wamp\www\enet_web\protected\views\etablissement\create.php (18)
in C:\wamp\www\enet_web\protected\controllers\EtablissementController.php (79)
2012/09/18 14:41:29 [error] [php] Missing argument 2 for CActiveForm::labelEx(), called in C:\wamp\www\enet_web\protected\views\etablissement\_form.php on line 19 and defined (C:\wamp\www\yii\framework\web\widgets\CActiveForm.php:561)
Stack trace:
#0 C:\wamp\www\yii\framework\web\CBaseController.php(96): EtablissementController->renderInternal()
#1 C:\wamp\www\yii\framework\web\CController.php(870): EtablissementController->renderFile()
#2 C:\wamp\www\enet_web\protected\views\etablissement\create.php(18): EtablissementController->renderPartial()
#3 C:\wamp\www\yii\framework\web\CBaseController.php(127): require()
#4 C:\wamp\www\yii\framework\web\CBaseController.php(96): EtablissementController->renderInternal()
#5 C:\wamp\www\yii\framework\web\CController.php(870): EtablissementController->renderFile()
#6 C:\wamp\www\yii\framework\web\CController.php(783): EtablissementController->renderPartial()
#7 C:\wamp\www\enet_web\protected\controllers\EtablissementController.php(79): EtablissementController->render()
#8 C:\wamp\www\yii\framework\web\actions\CInlineAction.php(50): EtablissementController->actionCreate()
#9 C:\wamp\www\yii\framework\web\CController.php(309): CInlineAction->runWithParams()
#10 C:\wamp\www\yii\framework\web\filters\CFilterChain.php(134): EtablissementController->runAction()
#11 C:\wamp\www\yii\framework\web\filters\CFilter.php(41): CFilterChain->run()
#12 C:\wamp\www\yii\framework\web\CController.php(1146): CAccessControlFilter->filter()
#13 C:\wamp\www\yii\framework\web\filters\CInlineFilter.php(59): EtablissementController->filterAccessControl()
#14 C:\wamp\www\yii\framework\web\filters\CFilterChain.php(131): CInlineFilter->filter()
#15 C:\wamp\www\yii\framework\web\CController.php(292): CFilterChain->run()
#16 C:\wamp\www\yii\framework\web\CController.php(266): EtablissementController->runActionWithFilters()
#17 C:\wamp\www\yii\framework\web\CWebApplication.php(283): EtablissementController->run()
#18 C:\wamp\www\yii\framework\web\CWebApplication.php(142): CWebApplication->runController()
#19 C:\wamp\www\yii\framework\base\CApplication.php(162): CWebApplication->processRequest()
#20 C:\wamp\www\enet_web\index.php(13): CWebApplication->run()
REQUEST_URI=/enet_web/index.php/etablissement/create
in C:\wamp\www\enet_web\protected\views\etablissement\_form.php (19)
in C:\wamp\www\enet_web\protected\views\etablissement\create.php (18)
in C:\wamp\www\enet_web\protected\controllers\EtablissementController.php (79)
2012/09/18 14:41:29 [error] [php] Missing argument 2 for CActiveForm::labelEx(), called in C:\wamp\www\enet_web\protected\views\etablissement\_form.php on line 19 and defined (C:\wamp\www\yii\framework\web\widgets\CActiveForm.php:561)
Stack trace:
#0 C:\wamp\www\yii\framework\web\CBaseController.php(96): EtablissementController->renderInternal()
#1 C:\wamp\www\yii\framework\web\CController.php(870): EtablissementController->renderFile()
#2 C:\wamp\www\enet_web\protected\views\etablissement\create.php(18): EtablissementController->renderPartial()
#3 C:\wamp\www\yii\framework\web\CBaseController.php(127): require()
#4 C:\wamp\www\yii\framework\web\CBaseController.php(96): EtablissementController->renderInternal()
#5 C:\wamp\www\yii\framework\web\CController.php(870): EtablissementController->renderFile()
#6 C:\wamp\www\yii\framework\web\CController.php(783): EtablissementController->renderPartial()
#7 C:\wamp\www\enet_web\protected\controllers\EtablissementController.php(79): EtablissementController->render()
#8 C:\wamp\www\yii\framework\web\actions\CInlineAction.php(50): EtablissementController->actionCreate()
#9 C:\wamp\www\yii\framework\web\CController.php(309): CInlineAction->runWithParams()
#10 C:\wamp\www\yii\framework\web\filters\CFilterChain.php(134): EtablissementController->runAction()
#11 C:\wamp\www\yii\framework\web\filters\CFilter.php(41): CFilterChain->run()
#12 C:\wamp\www\yii\framework\web\CController.php(1146): CAccessControlFilter->filter()
#13 C:\wamp\www\yii\framework\web\filters\CInlineFilter.php(59): EtablissementController->filterAccessControl()
#14 C:\wamp\www\yii\framework\web\filters\CFilterChain.php(131): CInlineFilter->filter()
#15 C:\wamp\www\yii\framework\web\CController.php(292): CFilterChain->run()
#16 C:\wamp\www\yii\framework\web\CController.php(266): EtablissementController->runActionWithFilters()
#17 C:\wamp\www\yii\framework\web\CWebApplication.php(283): EtablissementController->run()
#18 C:\wamp\www\yii\framework\web\CWebApplication.php(142): CWebApplication->runController()
#19 C:\wamp\www\yii\framework\base\CApplication.php(162): CWebApplication->processRequest()
#20 C:\wamp\www\enet_web\index.php(13): CWebApplication->run()
REQUEST_URI=/enet_web/index.php/etablissement/create
in C:\wamp\www\enet_web\protected\views\etablissement\_form.php (19)
in C:\wamp\www\enet_web\protected\views\etablissement\create.php (18)
in C:\wamp\www\enet_web\protected\controllers\EtablissementController.php (79)
2012/09/18 14:41:31 [error] [php] Missing argument 2 for CActiveForm::labelEx(), called in C:\wamp\www\enet_web\protected\views\etablissement\_form.php on line 19 and defined (C:\wamp\www\yii\framework\web\widgets\CActiveForm.php:561)
Stack trace:
#0 C:\wamp\www\yii\framework\web\CBaseController.php(96): EtablissementController->renderInternal()
#1 C:\wamp\www\yii\framework\web\CController.php(870): EtablissementController->renderFile()
#2 C:\wamp\www\enet_web\protected\views\etablissement\create.php(18): EtablissementController->renderPartial()
#3 C:\wamp\www\yii\framework\web\CBaseController.php(127): require()
#4 C:\wamp\www\yii\framework\web\CBaseController.php(96): EtablissementController->renderInternal()
#5 C:\wamp\www\yii\framework\web\CController.php(870): EtablissementController->renderFile()
#6 C:\wamp\www\yii\framework\web\CController.php(783): EtablissementController->renderPartial()
#7 C:\wamp\www\enet_web\protected\controllers\EtablissementController.php(79): EtablissementController->render()
#8 C:\wamp\www\yii\framework\web\actions\CInlineAction.php(50): EtablissementController->actionCreate()
#9 C:\wamp\www\yii\framework\web\CController.php(309): CInlineAction->runWithParams()
#10 C:\wamp\www\yii\framework\web\filters\CFilterChain.php(134): EtablissementController->runAction()
#11 C:\wamp\www\yii\framework\web\filters\CFilter.php(41): CFilterChain->run()
#12 C:\wamp\www\yii\framework\web\CController.php(1146): CAccessControlFilter->filter()
#13 C:\wamp\www\yii\framework\web\filters\CInlineFilter.php(59): EtablissementController->filterAccessControl()
#14 C:\wamp\www\yii\framework\web\filters\CFilterChain.php(131): CInlineFilter->filter()
#15 C:\wamp\www\yii\framework\web\CController.php(292): CFilterChain->run()
#16 C:\wamp\www\yii\framework\web\CController.php(266): EtablissementController->runActionWithFilters()
#17 C:\wamp\www\yii\framework\web\CWebApplication.php(283): EtablissementController->run()
#18 C:\wamp\www\yii\framework\web\CWebApplication.php(142): CWebApplication->runController()
#19 C:\wamp\www\yii\framework\base\CApplication.php(162): CWebApplication->processRequest()
#20 C:\wamp\www\enet_web\index.php(13): CWebApplication->run()
REQUEST_URI=/enet_web/index.php/etablissement/create
in C:\wamp\www\enet_web\protected\views\etablissement\_form.php (19)
in C:\wamp\www\enet_web\protected\views\etablissement\create.php (18)
in C:\wamp\www\enet_web\protected\controllers\EtablissementController.php (79)
2012/09/18 14:41:32 [error] [php] Missing argument 2 for CActiveForm::labelEx(), called in C:\wamp\www\enet_web\protected\views\etablissement\_form.php on line 19 and defined (C:\wamp\www\yii\framework\web\widgets\CActiveForm.php:561)
Stack trace:
#0 C:\wamp\www\yii\framework\web\CBaseController.php(96): EtablissementController->renderInternal()
#1 C:\wamp\www\yii\framework\web\CController.php(870): EtablissementController->renderFile()
#2 C:\wamp\www\enet_web\protected\views\etablissement\create.php(18): EtablissementController->renderPartial()
#3 C:\wamp\www\yii\framework\web\CBaseController.php(127): require()
#4 C:\wamp\www\yii\framework\web\CBaseController.php(96): EtablissementController->renderInternal()
#5 C:\wamp\www\yii\framework\web\CController.php(870): EtablissementController->renderFile()
#6 C:\wamp\www\yii\framework\web\CController.php(783): EtablissementController->renderPartial()
#7 C:\wamp\www\enet_web\protected\controllers\EtablissementController.php(79): EtablissementController->render()
#8 C:\wamp\www\yii\framework\web\actions\CInlineAction.php(50): EtablissementController->actionCreate()
#9 C:\wamp\www\yii\framework\web\CController.php(309): CInlineAction->runWithParams()
#10 C:\wamp\www\yii\framework\web\filters\CFilterChain.php(134): EtablissementController->runAction()
#11 C:\wamp\www\yii\framework\web\filters\CFilter.php(41): CFilterChain->run()
#12 C:\wamp\www\yii\framework\web\CController.php(1146): CAccessControlFilter->filter()
#13 C:\wamp\www\yii\framework\web\filters\CInlineFilter.php(59): EtablissementController->filterAccessControl()
#14 C:\wamp\www\yii\framework\web\filters\CFilterChain.php(131): CInlineFilter->filter()
#15 C:\wamp\www\yii\framework\web\CController.php(292): CFilterChain->run()
#16 C:\wamp\www\yii\framework\web\CController.php(266): EtablissementController->runActionWithFilters()
#17 C:\wamp\www\yii\framework\web\CWebApplication.php(283): EtablissementController->run()
#18 C:\wamp\www\yii\framework\web\CWebApplication.php(142): CWebApplication->runController()
#19 C:\wamp\www\yii\framework\base\CApplication.php(162): CWebApplication->processRequest()
#20 C:\wamp\www\enet_web\index.php(13): CWebApplication->run()
REQUEST_URI=/enet_web/index.php/etablissement/create
in C:\wamp\www\enet_web\protected\views\etablissement\_form.php (19)
in C:\wamp\www\enet_web\protected\views\etablissement\create.php (18)
in C:\wamp\www\enet_web\protected\controllers\EtablissementController.php (79)
2012/09/18 14:41:32 [error] [php] Missing argument 2 for CActiveForm::labelEx(), called in C:\wamp\www\enet_web\protected\views\etablissement\_form.php on line 19 and defined (C:\wamp\www\yii\framework\web\widgets\CActiveForm.php:561)
Stack trace:
#0 C:\wamp\www\yii\framework\web\CBaseController.php(96): EtablissementController->renderInternal()
#1 C:\wamp\www\yii\framework\web\CController.php(870): EtablissementController->renderFile()
#2 C:\wamp\www\enet_web\protected\views\etablissement\create.php(18): EtablissementController->renderPartial()
#3 C:\wamp\www\yii\framework\web\CBaseController.php(127): require()
#4 C:\wamp\www\yii\framework\web\CBaseController.php(96): EtablissementController->renderInternal()
#5 C:\wamp\www\yii\framework\web\CController.php(870): EtablissementController->renderFile()
#6 C:\wamp\www\yii\framework\web\CController.php(783): EtablissementController->renderPartial()
#7 C:\wamp\www\enet_web\protected\controllers\EtablissementController.php(79): EtablissementController->render()
#8 C:\wamp\www\yii\framework\web\actions\CInlineAction.php(50): EtablissementController->actionCreate()
#9 C:\wamp\www\yii\framework\web\CController.php(309): CInlineAction->runWithParams()
#10 C:\wamp\www\yii\framework\web\filters\CFilterChain.php(134): EtablissementController->runAction()
#11 C:\wamp\www\yii\framework\web\filters\CFilter.php(41): CFilterChain->run()
#12 C:\wamp\www\yii\framework\web\CController.php(1146): CAccessControlFilter->filter()
#13 C:\wamp\www\yii\framework\web\filters\CInlineFilter.php(59): EtablissementController->filterAccessControl()
#14 C:\wamp\www\yii\framework\web\filters\CFilterChain.php(131): CInlineFilter->filter()
#15 C:\wamp\www\yii\framework\web\CController.php(292): CFilterChain->run()
#16 C:\wamp\www\yii\framework\web\CController.php(266): EtablissementController->runActionWithFilters()
#17 C:\wamp\www\yii\framework\web\CWebApplication.php(283): EtablissementController->run()
#18 C:\wamp\www\yii\framework\web\CWebApplication.php(142): CWebApplication->runController()
#19 C:\wamp\www\yii\framework\base\CApplication.php(162): CWebApplication->processRequest()
#20 C:\wamp\www\enet_web\index.php(13): CWebApplication->run()
REQUEST_URI=/enet_web/index.php/etablissement/create
in C:\wamp\www\enet_web\protected\views\etablissement\_form.php (19)
in C:\wamp\www\enet_web\protected\views\etablissement\create.php (18)
in C:\wamp\www\enet_web\protected\controllers\EtablissementController.php (79)
2012/09/18 14:41:33 [error] [php] Missing argument 2 for CActiveForm::labelEx(), called in C:\wamp\www\enet_web\protected\views\etablissement\_form.php on line 19 and defined (C:\wamp\www\yii\framework\web\widgets\CActiveForm.php:561)
Stack trace:
#0 C:\wamp\www\yii\framework\web\CBaseController.php(96): EtablissementController->renderInternal()
#1 C:\wamp\www\yii\framework\web\CController.php(870): EtablissementController->renderFile()
#2 C:\wamp\www\enet_web\protected\views\etablissement\create.php(18): EtablissementController->renderPartial()
#3 C:\wamp\www\yii\framework\web\CBaseController.php(127): require()
#4 C:\wamp\www\yii\framework\web\CBaseController.php(96): EtablissementController->renderInternal()
#5 C:\wamp\www\yii\framework\web\CController.php(870): EtablissementController->renderFile()
#6 C:\wamp\www\yii\framework\web\CController.php(783): EtablissementController->renderPartial()
#7 C:\wamp\www\enet_web\protected\controllers\EtablissementController.php(79): EtablissementController->render()
#8 C:\wamp\www\yii\framework\web\actions\CInlineAction.php(50): EtablissementController->actionCreate()
#9 C:\wamp\www\yii\framework\web\CController.php(309): CInlineAction->runWithParams()
#10 C:\wamp\www\yii\framework\web\filters\CFilterChain.php(134): EtablissementController->runAction()
#11 C:\wamp\www\yii\framework\web\filters\CFilter.php(41): CFilterChain->run()
#12 C:\wamp\www\yii\framework\web\CController.php(1146): CAccessControlFilter->filter()
#13 C:\wamp\www\yii\framework\web\filters\CInlineFilter.php(59): EtablissementController->filterAccessControl()
#14 C:\wamp\www\yii\framework\web\filters\CFilterChain.php(131): CInlineFilter->filter()
#15 C:\wamp\www\yii\framework\web\CController.php(292): CFilterChain->run()
#16 C:\wamp\www\yii\framework\web\CController.php(266): EtablissementController->runActionWithFilters()
#17 C:\wamp\www\yii\framework\web\CWebApplication.php(283): EtablissementController->run()
#18 C:\wamp\www\yii\framework\web\CWebApplication.php(142): CWebApplication->runController()
#19 C:\wamp\www\yii\framework\base\CApplication.php(162): CWebApplication->processRequest()
#20 C:\wamp\www\enet_web\index.php(13): CWebApplication->run()
REQUEST_URI=/enet_web/index.php/etablissement/create
in C:\wamp\www\enet_web\protected\views\etablissement\_form.php (19)
in C:\wamp\www\enet_web\protected\views\etablissement\create.php (18)
in C:\wamp\www\enet_web\protected\controllers\EtablissementController.php (79)
2012/09/18 16:54:26 [error] [system.db.CDbCommand] CDbCommand::execute() failed: SQLSTATE[23000]: Integrity constraint violation: 1451 Cannot delete or update a parent row: a foreign key constraint fails (`enet_db`.`enet_classe`, CONSTRAINT `enet_classe_ibfk_1` FOREIGN KEY (`etablissementid`) REFERENCES `enet_etablissement` (`id`) ON DELETE NO ACTION ON UPDATE NO ACTION). The SQL statement executed was: DELETE FROM `enet_etablissement` WHERE `enet_etablissement`.`id`=1.
in C:\wamp\www\enet_web\protected\controllers\EtablissementController.php (113)
in C:\wamp\www\enet_web\index.php (13)
2012/09/18 16:54:26 [error] [exception.CDbException] exception 'CDbException' with message 'CDbCommand n'a pas pu excuter la commande SQL : SQLSTATE[23000]: Integrity constraint violation: 1451 Cannot delete or update a parent row: a foreign key constraint fails (`enet_db`.`enet_classe`, CONSTRAINT `enet_classe_ibfk_1` FOREIGN KEY (`etablissementid`) REFERENCES `enet_etablissement` (`id`) ON DELETE NO ACTION ON UPDATE NO ACTION). The SQL statement executed was: DELETE FROM `enet_etablissement` WHERE `enet_etablissement`.`id`=1' in C:\wamp\www\yii\framework\db\CDbCommand.php:354
Stack trace:
#0 C:\wamp\www\yii\framework\db\ar\CActiveRecord.php(1739): CDbCommand->execute()
#1 C:\wamp\www\yii\framework\db\ar\CActiveRecord.php(1162): CActiveRecord->deleteByPk('1')
#2 C:\wamp\www\enet_web\protected\controllers\EtablissementController.php(113): CActiveRecord->delete()
#3 [internal function]: EtablissementController->actionDelete('1')
#4 C:\wamp\www\yii\framework\web\actions\CAction.php(107): ReflectionMethod->invokeArgs(Object(EtablissementController), Array)
#5 C:\wamp\www\yii\framework\web\actions\CInlineAction.php(48): CAction->runWithParamsInternal(Object(EtablissementController), Object(ReflectionMethod), Array)
#6 C:\wamp\www\yii\framework\web\CController.php(309): CInlineAction->runWithParams(Array)
#7 C:\wamp\www\yii\framework\web\filters\CFilterChain.php(134): CController->runAction(Object(CInlineAction))
#8 C:\wamp\www\yii\framework\web\CController.php(1117): CFilterChain->run()
#9 C:\wamp\www\yii\framework\web\filters\CInlineFilter.php(59): CController->filterPostOnly(Object(CFilterChain))
#10 C:\wamp\www\yii\framework\web\filters\CFilterChain.php(131): CInlineFilter->filter(Object(CFilterChain))
#11 C:\wamp\www\yii\framework\web\filters\CFilter.php(41): CFilterChain->run()
#12 C:\wamp\www\yii\framework\web\CController.php(1146): CFilter->filter(Object(CFilterChain))
#13 C:\wamp\www\yii\framework\web\filters\CInlineFilter.php(59): CController->filterAccessControl(Object(CFilterChain))
#14 C:\wamp\www\yii\framework\web\filters\CFilterChain.php(131): CInlineFilter->filter(Object(CFilterChain))
#15 C:\wamp\www\yii\framework\web\CController.php(292): CFilterChain->run()
#16 C:\wamp\www\yii\framework\web\CController.php(266): CController->runActionWithFilters(Object(CInlineAction), Array)
#17 C:\wamp\www\yii\framework\web\CWebApplication.php(283): CController->run('delete')
#18 C:\wamp\www\yii\framework\web\CWebApplication.php(142): CWebApplication->runController('etablissement/d...')
#19 C:\wamp\www\yii\framework\base\CApplication.php(162): CWebApplication->processRequest()
#20 C:\wamp\www\enet_web\index.php(13): CApplication->run()
#21 {main}
REQUEST_URI=/enet_web/index.php/etablissement/delete/1?ajax=etablissement-grid
HTTP_REFERER=http://127.0.0.1/enet_web/index.php/etablissement/admin
---
2012/09/18 18:21:50 [error] [php] simplexml_load_file() [<a href='function.simplexml-load-file'>function.simplexml-load-file</a>]: I/O warning : failed to load external entity &quot;menu.xml&quot; (C:\wamp\www\enet_web\protected\components\XmlMenu.php:52)
Stack trace:
#0 C:\wamp\www\enet_web\protected\views\etablissement\create.php(10): XmlMenu->__construct()
#1 C:\wamp\www\yii\framework\web\CBaseController.php(127): require()
#2 C:\wamp\www\yii\framework\web\CBaseController.php(96): EtablissementController->renderInternal()
#3 C:\wamp\www\yii\framework\web\CController.php(870): EtablissementController->renderFile()
#4 C:\wamp\www\yii\framework\web\CController.php(783): EtablissementController->renderPartial()
#5 C:\wamp\www\enet_web\protected\controllers\EtablissementController.php(79): EtablissementController->render()
#6 C:\wamp\www\yii\framework\web\actions\CInlineAction.php(50): EtablissementController->actionCreate()
#7 C:\wamp\www\yii\framework\web\CController.php(309): CInlineAction->runWithParams()
#8 C:\wamp\www\yii\framework\web\filters\CFilterChain.php(134): EtablissementController->runAction()
#9 C:\wamp\www\yii\framework\web\filters\CFilter.php(41): CFilterChain->run()
#10 C:\wamp\www\yii\framework\web\CController.php(1146): CAccessControlFilter->filter()
#11 C:\wamp\www\yii\framework\web\filters\CInlineFilter.php(59): EtablissementController->filterAccessControl()
#12 C:\wamp\www\yii\framework\web\filters\CFilterChain.php(131): CInlineFilter->filter()
#13 C:\wamp\www\yii\framework\web\CController.php(292): CFilterChain->run()
#14 C:\wamp\www\yii\framework\web\CController.php(266): EtablissementController->runActionWithFilters()
#15 C:\wamp\www\yii\framework\web\CWebApplication.php(283): EtablissementController->run()
#16 C:\wamp\www\yii\framework\web\CWebApplication.php(142): CWebApplication->runController()
#17 C:\wamp\www\yii\framework\base\CApplication.php(162): CWebApplication->processRequest()
#18 C:\wamp\www\enet_web\index.php(13): CWebApplication->run()
REQUEST_URI=/enet_web/index.php/etablissement/create
in C:\wamp\www\enet_web\protected\components\XmlMenu.php (52)
in C:\wamp\www\enet_web\protected\components\XmlMenu.php (10)
in C:\wamp\www\enet_web\protected\views\etablissement\create.php (10)
2012/09/18 18:25:02 [error] [php] simplexml_load_file() [<a href='function.simplexml-load-file'>function.simplexml-load-file</a>]: I/O warning : failed to load external entity &quot;/enet_webmenu.xml&quot; (C:\wamp\www\enet_web\protected\components\XmlMenu.php:52)
Stack trace:
#0 C:\wamp\www\enet_web\protected\views\etablissement\create.php(10): XmlMenu->__construct()
#1 C:\wamp\www\yii\framework\web\CBaseController.php(127): require()
#2 C:\wamp\www\yii\framework\web\CBaseController.php(96): EtablissementController->renderInternal()
#3 C:\wamp\www\yii\framework\web\CController.php(870): EtablissementController->renderFile()
#4 C:\wamp\www\yii\framework\web\CController.php(783): EtablissementController->renderPartial()
#5 C:\wamp\www\enet_web\protected\controllers\EtablissementController.php(79): EtablissementController->render()
#6 C:\wamp\www\yii\framework\web\actions\CInlineAction.php(50): EtablissementController->actionCreate()
#7 C:\wamp\www\yii\framework\web\CController.php(309): CInlineAction->runWithParams()
#8 C:\wamp\www\yii\framework\web\filters\CFilterChain.php(134): EtablissementController->runAction()
#9 C:\wamp\www\yii\framework\web\filters\CFilter.php(41): CFilterChain->run()
#10 C:\wamp\www\yii\framework\web\CController.php(1146): CAccessControlFilter->filter()
#11 C:\wamp\www\yii\framework\web\filters\CInlineFilter.php(59): EtablissementController->filterAccessControl()
#12 C:\wamp\www\yii\framework\web\filters\CFilterChain.php(131): CInlineFilter->filter()
#13 C:\wamp\www\yii\framework\web\CController.php(292): CFilterChain->run()
#14 C:\wamp\www\yii\framework\web\CController.php(266): EtablissementController->runActionWithFilters()
#15 C:\wamp\www\yii\framework\web\CWebApplication.php(283): EtablissementController->run()
#16 C:\wamp\www\yii\framework\web\CWebApplication.php(142): CWebApplication->runController()
#17 C:\wamp\www\yii\framework\base\CApplication.php(162): CWebApplication->processRequest()
#18 C:\wamp\www\enet_web\index.php(13): CWebApplication->run()
REQUEST_URI=/enet_web/index.php/etablissement/create
in C:\wamp\www\enet_web\protected\components\XmlMenu.php (52)
in C:\wamp\www\enet_web\protected\components\XmlMenu.php (10)
in C:\wamp\www\enet_web\protected\views\etablissement\create.php (10)
2012/09/18 18:26:24 [error] [exception.CException] exception 'CException' with message 'La proprit  CHttpRequest.basePath  est indfinie.' in C:\wamp\www\yii\framework\base\CComponent.php:131
Stack trace:
#0 C:\wamp\www\enet_web\protected\views\etablissement\create.php(10): CComponent->__get('basePath')
#1 C:\wamp\www\yii\framework\web\CBaseController.php(127): require('C:\wamp\www\ene...')
#2 C:\wamp\www\yii\framework\web\CBaseController.php(96): CBaseController->renderInternal('C:\wamp\www\ene...', Array, true)
#3 C:\wamp\www\yii\framework\web\CController.php(870): CBaseController->renderFile('C:\wamp\www\ene...', Array, true)
#4 C:\wamp\www\yii\framework\web\CController.php(783): CController->renderPartial('create', Array, true)
#5 C:\wamp\www\enet_web\protected\controllers\EtablissementController.php(79): CController->render('create', Array)
#6 C:\wamp\www\yii\framework\web\actions\CInlineAction.php(50): EtablissementController->actionCreate()
#7 C:\wamp\www\yii\framework\web\CController.php(309): CInlineAction->runWithParams(Array)
#8 C:\wamp\www\yii\framework\web\filters\CFilterChain.php(134): CController->runAction(Object(CInlineAction))
#9 C:\wamp\www\yii\framework\web\filters\CFilter.php(41): CFilterChain->run()
#10 C:\wamp\www\yii\framework\web\CController.php(1146): CFilter->filter(Object(CFilterChain))
#11 C:\wamp\www\yii\framework\web\filters\CInlineFilter.php(59): CController->filterAccessControl(Object(CFilterChain))
#12 C:\wamp\www\yii\framework\web\filters\CFilterChain.php(131): CInlineFilter->filter(Object(CFilterChain))
#13 C:\wamp\www\yii\framework\web\CController.php(292): CFilterChain->run()
#14 C:\wamp\www\yii\framework\web\CController.php(266): CController->runActionWithFilters(Object(CInlineAction), Array)
#15 C:\wamp\www\yii\framework\web\CWebApplication.php(283): CController->run('create')
#16 C:\wamp\www\yii\framework\web\CWebApplication.php(142): CWebApplication->runController('etablissement/c...')
#17 C:\wamp\www\yii\framework\base\CApplication.php(162): CWebApplication->processRequest()
#18 C:\wamp\www\enet_web\index.php(13): CApplication->run()
#19 {main}
REQUEST_URI=/enet_web/index.php/etablissement/create
---
2012/09/18 18:26:26 [error] [exception.CException] exception 'CException' with message 'La proprit  CHttpRequest.basePath  est indfinie.' in C:\wamp\www\yii\framework\base\CComponent.php:131
Stack trace:
#0 C:\wamp\www\enet_web\protected\views\etablissement\create.php(10): CComponent->__get('basePath')
#1 C:\wamp\www\yii\framework\web\CBaseController.php(127): require('C:\wamp\www\ene...')
#2 C:\wamp\www\yii\framework\web\CBaseController.php(96): CBaseController->renderInternal('C:\wamp\www\ene...', Array, true)
#3 C:\wamp\www\yii\framework\web\CController.php(870): CBaseController->renderFile('C:\wamp\www\ene...', Array, true)
#4 C:\wamp\www\yii\framework\web\CController.php(783): CController->renderPartial('create', Array, true)
#5 C:\wamp\www\enet_web\protected\controllers\EtablissementController.php(79): CController->render('create', Array)
#6 C:\wamp\www\yii\framework\web\actions\CInlineAction.php(50): EtablissementController->actionCreate()
#7 C:\wamp\www\yii\framework\web\CController.php(309): CInlineAction->runWithParams(Array)
#8 C:\wamp\www\yii\framework\web\filters\CFilterChain.php(134): CController->runAction(Object(CInlineAction))
#9 C:\wamp\www\yii\framework\web\filters\CFilter.php(41): CFilterChain->run()
#10 C:\wamp\www\yii\framework\web\CController.php(1146): CFilter->filter(Object(CFilterChain))
#11 C:\wamp\www\yii\framework\web\filters\CInlineFilter.php(59): CController->filterAccessControl(Object(CFilterChain))
#12 C:\wamp\www\yii\framework\web\filters\CFilterChain.php(131): CInlineFilter->filter(Object(CFilterChain))
#13 C:\wamp\www\yii\framework\web\CController.php(292): CFilterChain->run()
#14 C:\wamp\www\yii\framework\web\CController.php(266): CController->runActionWithFilters(Object(CInlineAction), Array)
#15 C:\wamp\www\yii\framework\web\CWebApplication.php(283): CController->run('create')
#16 C:\wamp\www\yii\framework\web\CWebApplication.php(142): CWebApplication->runController('etablissement/c...')
#17 C:\wamp\www\yii\framework\base\CApplication.php(162): CWebApplication->processRequest()
#18 C:\wamp\www\enet_web\index.php(13): CApplication->run()
#19 {main}
REQUEST_URI=/enet_web/index.php/etablissement/create
---
2012/09/18 18:26:27 [error] [exception.CException] exception 'CException' with message 'La proprit  CHttpRequest.basePath  est indfinie.' in C:\wamp\www\yii\framework\base\CComponent.php:131
Stack trace:
#0 C:\wamp\www\enet_web\protected\views\etablissement\create.php(10): CComponent->__get('basePath')
#1 C:\wamp\www\yii\framework\web\CBaseController.php(127): require('C:\wamp\www\ene...')
#2 C:\wamp\www\yii\framework\web\CBaseController.php(96): CBaseController->renderInternal('C:\wamp\www\ene...', Array, true)
#3 C:\wamp\www\yii\framework\web\CController.php(870): CBaseController->renderFile('C:\wamp\www\ene...', Array, true)
#4 C:\wamp\www\yii\framework\web\CController.php(783): CController->renderPartial('create', Array, true)
#5 C:\wamp\www\enet_web\protected\controllers\EtablissementController.php(79): CController->render('create', Array)
#6 C:\wamp\www\yii\framework\web\actions\CInlineAction.php(50): EtablissementController->actionCreate()
#7 C:\wamp\www\yii\framework\web\CController.php(309): CInlineAction->runWithParams(Array)
#8 C:\wamp\www\yii\framework\web\filters\CFilterChain.php(134): CController->runAction(Object(CInlineAction))
#9 C:\wamp\www\yii\framework\web\filters\CFilter.php(41): CFilterChain->run()
#10 C:\wamp\www\yii\framework\web\CController.php(1146): CFilter->filter(Object(CFilterChain))
#11 C:\wamp\www\yii\framework\web\filters\CInlineFilter.php(59): CController->filterAccessControl(Object(CFilterChain))
#12 C:\wamp\www\yii\framework\web\filters\CFilterChain.php(131): CInlineFilter->filter(Object(CFilterChain))
#13 C:\wamp\www\yii\framework\web\CController.php(292): CFilterChain->run()
#14 C:\wamp\www\yii\framework\web\CController.php(266): CController->runActionWithFilters(Object(CInlineAction), Array)
#15 C:\wamp\www\yii\framework\web\CWebApplication.php(283): CController->run('create')
#16 C:\wamp\www\yii\framework\web\CWebApplication.php(142): CWebApplication->runController('etablissement/c...')
#17 C:\wamp\www\yii\framework\base\CApplication.php(162): CWebApplication->processRequest()
#18 C:\wamp\www\enet_web\index.php(13): CApplication->run()
#19 {main}
REQUEST_URI=/enet_web/index.php/etablissement/create
---
2012/09/18 19:26:47 [error] [php] Undefined variable: data (C:\wamp\www\enet_web\protected\views\etablissement\update.php:7)
Stack trace:
#0 C:\wamp\www\yii\framework\web\CController.php(870): EtablissementController->renderFile()
#1 C:\wamp\www\yii\framework\web\CController.php(783): EtablissementController->renderPartial()
#2 C:\wamp\www\enet_web\protected\controllers\EtablissementController.php(103): EtablissementController->render()
#3 unknown(0): EtablissementController->actionUpdate()
#4 C:\wamp\www\yii\framework\web\actions\CAction.php(107): ReflectionMethod->invokeArgs()
#5 C:\wamp\www\yii\framework\web\actions\CInlineAction.php(48): CInlineAction->runWithParamsInternal()
#6 C:\wamp\www\yii\framework\web\CController.php(309): CInlineAction->runWithParams()
#7 C:\wamp\www\yii\framework\web\filters\CFilterChain.php(134): EtablissementController->runAction()
#8 C:\wamp\www\yii\framework\web\filters\CFilter.php(41): CFilterChain->run()
#9 C:\wamp\www\yii\framework\web\CController.php(1146): CAccessControlFilter->filter()
#10 C:\wamp\www\yii\framework\web\filters\CInlineFilter.php(59): EtablissementController->filterAccessControl()
#11 C:\wamp\www\yii\framework\web\filters\CFilterChain.php(131): CInlineFilter->filter()
#12 C:\wamp\www\yii\framework\web\CController.php(292): CFilterChain->run()
#13 C:\wamp\www\yii\framework\web\CController.php(266): EtablissementController->runActionWithFilters()
#14 C:\wamp\www\yii\framework\web\CWebApplication.php(283): EtablissementController->run()
#15 C:\wamp\www\yii\framework\web\CWebApplication.php(142): CWebApplication->runController()
#16 C:\wamp\www\yii\framework\base\CApplication.php(162): CWebApplication->processRequest()
#17 C:\wamp\www\enet_web\index.php(13): CWebApplication->run()
REQUEST_URI=/enet_web/index.php/etablissement/update/1
in C:\wamp\www\enet_web\protected\views\etablissement\update.php (7)
in C:\wamp\www\enet_web\protected\controllers\EtablissementController.php (103)
in C:\wamp\www\enet_web\index.php (13)
2012/09/18 19:43:37 [error] [php] PDO::__construct() [<a href='pdo.--construct'>pdo.--construct</a>]: [2002] Aucune connexion na pu tre tablie car lordinateur cible la expressment refuse.
 (trying to connect via tcp://localhost:3306) (C:\wamp\www\yii\framework\db\CDbConnection.php:422)
Stack trace:
#0 C:\wamp\www\yii\framework\db\CDbConnection.php(331): CDbConnection->open()
#1 C:\wamp\www\yii\framework\db\CDbConnection.php(309): CDbConnection->setActive()
#2 C:\wamp\www\yii\framework\base\CModule.php(388): CDbConnection->init()
#3 C:\wamp\www\yii\framework\base\CApplication.php(431): CWebApplication->getComponent()
#4 C:\wamp\www\yii\framework\db\ar\CActiveRecord.php(624): CWebApplication->getDb()
#5 C:\wamp\www\yii\framework\db\ar\CActiveRecord.php(2311): Etablissement->getDbConnection()
#6 C:\wamp\www\yii\framework\db\ar\CActiveRecord.php(388): CActiveRecordMetaData->__construct()
#7 C:\wamp\www\enet_web\protected\models\Etablissement.php(25): model()
#8 C:\wamp\www\enet_web\protected\controllers\EtablissementController.php(153): model()
#9 C:\wamp\www\enet_web\protected\controllers\EtablissementController.php(55): EtablissementController->loadModel()
#10 unknown(0): EtablissementController->actionView()
#11 C:\wamp\www\yii\framework\web\actions\CAction.php(107): ReflectionMethod->invokeArgs()
#12 C:\wamp\www\yii\framework\web\actions\CInlineAction.php(48): CInlineAction->runWithParamsInternal()
#13 C:\wamp\www\yii\framework\web\CController.php(309): CInlineAction->runWithParams()
#14 C:\wamp\www\yii\framework\web\filters\CFilterChain.php(134): EtablissementController->runAction()
#15 C:\wamp\www\yii\framework\web\filters\CFilter.php(41): CFilterChain->run()
#16 C:\wamp\www\yii\framework\web\CController.php(1146): CAccessControlFilter->filter()
#17 C:\wamp\www\yii\framework\web\filters\CInlineFilter.php(59): EtablissementController->filterAccessControl()
#18 C:\wamp\www\yii\framework\web\filters\CFilterChain.php(131): CInlineFilter->filter()
#19 C:\wamp\www\yii\framework\web\CController.php(292): CFilterChain->run()
#20 C:\wamp\www\yii\framework\web\CController.php(266): EtablissementController->runActionWithFilters()
#21 C:\wamp\www\yii\framework\web\CWebApplication.php(283): EtablissementController->run()
#22 C:\wamp\www\yii\framework\web\CWebApplication.php(142): CWebApplication->runController()
#23 C:\wamp\www\yii\framework\base\CApplication.php(162): CWebApplication->processRequest()
#24 C:\wamp\www\enet_web\index.php(13): CWebApplication->run()
REQUEST_URI=/enet_web/index.php/etablissement/1
in C:\wamp\www\enet_web\protected\models\Etablissement.php (25)
in C:\wamp\www\enet_web\protected\controllers\EtablissementController.php (153)
in C:\wamp\www\enet_web\protected\controllers\EtablissementController.php (55)
2012/09/18 20:16:10 [error] [exception.CException] exception 'CException' with message 'La colonne doit tre dfinie selon le format  Name:Type:Label , o  Type  et  Label  sont optionnels.' in C:\wamp\www\yii\framework\zii\widgets\grid\CGridView.php:360
Stack trace:
#0 C:\wamp\www\yii\framework\zii\widgets\grid\CGridView.php(331): CGridView->createDataColumn('nom_et ablissem...')
#1 C:\wamp\www\yii\framework\zii\widgets\grid\CGridView.php(307): CGridView->initColumns()
#2 C:\wamp\www\yii\framework\web\CBaseController.php(148): CGridView->init()
#3 C:\wamp\www\yii\framework\web\CBaseController.php(173): CBaseController->createWidget('zii.widgets.gri...', Array)
#4 C:\wamp\www\enet_web\protected\views\etablissement\admin.php(48): CBaseController->widget('zii.widgets.gri...', Array)
#5 C:\wamp\www\yii\framework\web\CBaseController.php(127): require('C:\wamp\www\ene...')
#6 C:\wamp\www\yii\framework\web\CBaseController.php(96): CBaseController->renderInternal('C:\wamp\www\ene...', Array, true)
#7 C:\wamp\www\yii\framework\web\CController.php(870): CBaseController->renderFile('C:\wamp\www\ene...', Array, true)
#8 C:\wamp\www\yii\framework\web\CController.php(783): CController->renderPartial('admin', Array, true)
#9 C:\wamp\www\enet_web\protected\controllers\EtablissementController.php(143): CController->render('admin', Array)
#10 C:\wamp\www\yii\framework\web\actions\CInlineAction.php(50): EtablissementController->actionAdmin()
#11 C:\wamp\www\yii\framework\web\CController.php(309): CInlineAction->runWithParams(Array)
#12 C:\wamp\www\yii\framework\web\filters\CFilterChain.php(134): CController->runAction(Object(CInlineAction))
#13 C:\wamp\www\yii\framework\web\filters\CFilter.php(41): CFilterChain->run()
#14 C:\wamp\www\yii\framework\web\CController.php(1146): CFilter->filter(Object(CFilterChain))
#15 C:\wamp\www\yii\framework\web\filters\CInlineFilter.php(59): CController->filterAccessControl(Object(CFilterChain))
#16 C:\wamp\www\yii\framework\web\filters\CFilterChain.php(131): CInlineFilter->filter(Object(CFilterChain))
#17 C:\wamp\www\yii\framework\web\CController.php(292): CFilterChain->run()
#18 C:\wamp\www\yii\framework\web\CController.php(266): CController->runActionWithFilters(Object(CInlineAction), Array)
#19 C:\wamp\www\yii\framework\web\CWebApplication.php(283): CController->run('admin')
#20 C:\wamp\www\yii\framework\web\CWebApplication.php(142): CWebApplication->runController('etablissement/a...')
#21 C:\wamp\www\yii\framework\base\CApplication.php(162): CWebApplication->processRequest()
#22 C:\wamp\www\enet_web\index.php(13): CApplication->run()
#23 {main}
REQUEST_URI=/enet_web/index.php/etablissement/admin
HTTP_REFERER=http://127.0.0.1/enet_web/index.php/etablissement/index
---
